[2022-09-22 07:21:02,056] {taskinstance.py:1032} INFO - Dependencies all met for <TaskInstance: data_ingestion_gcs_dag.format_to_parquet_task scheduled__2022-09-21T00:00:00+00:00 [queued]>
[2022-09-22 07:21:02,061] {taskinstance.py:1032} INFO - Dependencies all met for <TaskInstance: data_ingestion_gcs_dag.format_to_parquet_task scheduled__2022-09-21T00:00:00+00:00 [queued]>
[2022-09-22 07:21:02,061] {taskinstance.py:1238} INFO - 
--------------------------------------------------------------------------------
[2022-09-22 07:21:02,061] {taskinstance.py:1239} INFO - Starting attempt 1 of 2
[2022-09-22 07:21:02,061] {taskinstance.py:1240} INFO - 
--------------------------------------------------------------------------------
[2022-09-22 07:21:02,068] {taskinstance.py:1259} INFO - Executing <Task(PythonOperator): format_to_parquet_task> on 2022-09-21 00:00:00+00:00
[2022-09-22 07:21:02,071] {standard_task_runner.py:52} INFO - Started process 217 to run task
[2022-09-22 07:21:02,073] {standard_task_runner.py:76} INFO - Running: ['***', 'tasks', 'run', 'data_ingestion_gcs_dag', 'format_to_parquet_task', 'scheduled__2022-09-21T00:00:00+00:00', '--job-id', '4', '--raw', '--subdir', 'DAGS_FOLDER/data_ingestion_gcs_dag.py', '--cfg-path', '/tmp/tmpcf_ovzcf', '--error-file', '/tmp/tmpj5pvfljq']
[2022-09-22 07:21:02,074] {standard_task_runner.py:77} INFO - Job 4: Subtask format_to_parquet_task
[2022-09-22 07:21:02,101] {logging_mixin.py:109} INFO - Running <TaskInstance: data_ingestion_gcs_dag.format_to_parquet_task scheduled__2022-09-21T00:00:00+00:00 [running]> on host 9ab9fcef6297
[2022-09-22 07:21:02,128] {taskinstance.py:1426} INFO - Exporting the following env vars:
AIRFLOW_CTX_DAG_OWNER=***
AIRFLOW_CTX_DAG_ID=data_ingestion_gcs_dag
AIRFLOW_CTX_TASK_ID=format_to_parquet_task
AIRFLOW_CTX_EXECUTION_DATE=2022-09-21T00:00:00+00:00
AIRFLOW_CTX_DAG_RUN_ID=scheduled__2022-09-21T00:00:00+00:00
[2022-09-22 07:21:02,226] {python.py:175} INFO - Done. Returned value was: None
[2022-09-22 07:21:02,235] {taskinstance.py:1277} INFO - Marking task as SUCCESS. dag_id=data_ingestion_gcs_dag, task_id=format_to_parquet_task, execution_date=20220921T000000, start_date=20220922T072102, end_date=20220922T072102
[2022-09-22 07:21:02,285] {local_task_job.py:154} INFO - Task exited with return code 0
[2022-09-22 07:21:02,305] {local_task_job.py:264} INFO - 1 downstream tasks scheduled from follow-on schedule check
