[2022-09-23 13:47:47,042] {taskinstance.py:1032} INFO - Dependencies all met for <TaskInstance: xcom_dag.training_model_C manual__2022-09-23T13:47:42.004433+00:00 [queued]>
[2022-09-23 13:47:47,047] {taskinstance.py:1032} INFO - Dependencies all met for <TaskInstance: xcom_dag.training_model_C manual__2022-09-23T13:47:42.004433+00:00 [queued]>
[2022-09-23 13:47:47,047] {taskinstance.py:1238} INFO - 
--------------------------------------------------------------------------------
[2022-09-23 13:47:47,047] {taskinstance.py:1239} INFO - Starting attempt 1 of 1
[2022-09-23 13:47:47,048] {taskinstance.py:1240} INFO - 
--------------------------------------------------------------------------------
[2022-09-23 13:47:47,054] {taskinstance.py:1259} INFO - Executing <Task(PythonOperator): training_model_C> on 2022-09-23 13:47:42.004433+00:00
[2022-09-23 13:47:47,057] {standard_task_runner.py:52} INFO - Started process 21940 to run task
[2022-09-23 13:47:47,058] {standard_task_runner.py:76} INFO - Running: ['***', 'tasks', 'run', 'xcom_dag', 'training_model_C', 'manual__2022-09-23T13:47:42.004433+00:00', '--job-id', '49', '--raw', '--subdir', 'DAGS_FOLDER/xcom_tester.py', '--cfg-path', '/tmp/tmpwdb3b_xh', '--error-file', '/tmp/tmpmtfrbh9z']
[2022-09-23 13:47:47,058] {standard_task_runner.py:77} INFO - Job 49: Subtask training_model_C
[2022-09-23 13:47:47,086] {logging_mixin.py:109} INFO - Running <TaskInstance: xcom_dag.training_model_C manual__2022-09-23T13:47:42.004433+00:00 [running]> on host 9ab9fcef6297
[2022-09-23 13:47:47,114] {taskinstance.py:1426} INFO - Exporting the following env vars:
AIRFLOW_CTX_DAG_OWNER=***
AIRFLOW_CTX_DAG_ID=xcom_dag
AIRFLOW_CTX_TASK_ID=training_model_C
AIRFLOW_CTX_EXECUTION_DATE=2022-09-23T13:47:42.004433+00:00
AIRFLOW_CTX_DAG_RUN_ID=manual__2022-09-23T13:47:42.004433+00:00
[2022-09-23 13:47:47,114] {logging_mixin.py:109} INFO - model's accuracy: 1.8930072576315515
[2022-09-23 13:47:47,120] {python.py:175} INFO - Done. Returned value was: None
[2022-09-23 13:47:47,132] {taskinstance.py:1277} INFO - Marking task as SUCCESS. dag_id=xcom_dag, task_id=training_model_C, execution_date=20220923T134742, start_date=20220923T134747, end_date=20220923T134747
[2022-09-23 13:47:47,150] {local_task_job.py:154} INFO - Task exited with return code 0
[2022-09-23 13:47:47,171] {local_task_job.py:264} INFO - 0 downstream tasks scheduled from follow-on schedule check
