[2022-09-23 06:02:18,135] {taskinstance.py:1032} INFO - Dependencies all met for <TaskInstance: xcom_dag.choose_model scheduled__2022-09-22T00:00:00+00:00 [queued]>
[2022-09-23 06:02:18,140] {taskinstance.py:1032} INFO - Dependencies all met for <TaskInstance: xcom_dag.choose_model scheduled__2022-09-22T00:00:00+00:00 [queued]>
[2022-09-23 06:02:18,140] {taskinstance.py:1238} INFO - 
--------------------------------------------------------------------------------
[2022-09-23 06:02:18,140] {taskinstance.py:1239} INFO - Starting attempt 1 of 1
[2022-09-23 06:02:18,140] {taskinstance.py:1240} INFO - 
--------------------------------------------------------------------------------
[2022-09-23 06:02:18,146] {taskinstance.py:1259} INFO - Executing <Task(PythonOperator): choose_model> on 2022-09-22 00:00:00+00:00
[2022-09-23 06:02:18,149] {standard_task_runner.py:52} INFO - Started process 76 to run task
[2022-09-23 06:02:18,150] {standard_task_runner.py:76} INFO - Running: ['***', 'tasks', 'run', 'xcom_dag', 'choose_model', 'scheduled__2022-09-22T00:00:00+00:00', '--job-id', '45', '--raw', '--subdir', 'DAGS_FOLDER/xcom_tester.py', '--cfg-path', '/tmp/tmpbi8yd2pu', '--error-file', '/tmp/tmpe6of3oq1']
[2022-09-23 06:02:18,150] {standard_task_runner.py:77} INFO - Job 45: Subtask choose_model
[2022-09-23 06:02:18,176] {logging_mixin.py:109} INFO - Running <TaskInstance: xcom_dag.choose_model scheduled__2022-09-22T00:00:00+00:00 [running]> on host 9ab9fcef6297
[2022-09-23 06:02:18,255] {taskinstance.py:1426} INFO - Exporting the following env vars:
AIRFLOW_CTX_DAG_OWNER=***
AIRFLOW_CTX_DAG_ID=xcom_dag
AIRFLOW_CTX_TASK_ID=choose_model
AIRFLOW_CTX_EXECUTION_DATE=2022-09-22T00:00:00+00:00
AIRFLOW_CTX_DAG_RUN_ID=scheduled__2022-09-22T00:00:00+00:00
[2022-09-23 06:02:18,256] {logging_mixin.py:109} INFO - choose best model
[2022-09-23 06:02:18,260] {logging_mixin.py:109} INFO - [5.754479513401736, 2.353280206733586, 0.8973404497365142]
[2022-09-23 06:02:18,261] {python.py:175} INFO - Done. Returned value was: None
[2022-09-23 06:02:18,267] {taskinstance.py:1277} INFO - Marking task as SUCCESS. dag_id=xcom_dag, task_id=choose_model, execution_date=20220922T000000, start_date=20220923T060218, end_date=20220923T060218
[2022-09-23 06:02:18,282] {local_task_job.py:154} INFO - Task exited with return code 0
[2022-09-23 06:02:18,296] {local_task_job.py:264} INFO - 0 downstream tasks scheduled from follow-on schedule check
