2022-10-05 15:58:47 Produced message on topic twitter-streaming with value of Best programming languages for blockchain/crypto:
-Python
-Golang
-Solidity
-C++
#blockchain #cryptocurrecy

2022-10-05 15:58:49 Produced message on topic twitter-streaming with value of python\u3067e-Stat\u304b\u3089\u30c0\u30a6\u30f3\u30ed\u30fc\u30c9\u3067\u304d\u308b\u4eba\u53e3\u52d5\u614b\u30a8\u30af\u30bb\u30eb\u30c7\u30fc\u30bf\u304b\u3089\u30b0\u30e9\u30d5\u3092\u4f5c\u6210\u3002\u4e00\u90e8\u30c7\u30fc\u30bf\u304cxls\u3067\u30c7\u30fc\u30bf\u62bd\u51fa\u3067\u304d\u306a\u304b\u3063\u305f\u304cxlsx\u306b\u5909\u63db\u3059\u308b\u30de\u30af\u30ed\u3067\u5bfe\u5fdc\u3002\u9010\u6b21\u578b\u3067\u4f5c\u3063\u305f\u306e\u3067\u4eba\u306b\u304a\u898b\u305b\u3067\u304d\u308b\u30b3\u30fc\u30c9\u3067\u306a\u3044\u3002API\u3082\u9014\u4e2d\u307e\u3067\u624b\u3092\u4ed8\u3051\u305f\u304c\u76f4\u8fd1\u306e\u6708\u6b21\u30c7\u30fc\u30bf\u304c\u306a\u3044\u306e\u3067\u65ad\u5ff5\u3057\u307e\u3057\u305f\u3002 https://t.co/31gJL0s8a5

2022-10-05 15:59:12 Produced message on topic twitter-streaming with value of \U0001f4cd Day 39 and 40 of #100DaysOfCode #Python 
\U0001f680 APIs capstone project. 
\U0001f525I built a flight club app that allows users to join and submit email addresses, checks for low prices (based on historical pricing data) for the upcoming 6 months and then sends emails all members. https://t.co/wqWI8TFVyX

2022-10-05 15:59:15 Produced message on topic twitter-streaming with value of 5\ufe0f\u20e3 steps to becoming a Web Developer \u2601\ufe0f\U0001f6e0\ufe0f

1. Learn Web Development Fundamentals

2. Choose a development specialization

3. Learn key programming languages for web development

4. Work on projects to develop your Web Developer skills

5. Build a web development portfolio

2022-10-05 15:59:21 Produced message on topic twitter-streaming with value of \u6587\u732e\u3042\u308b\u3060\u308d\u30fc\u3068\u601d\u3063\u3066\u9ad8\u3092\u62ec\u3063\u3066\u305fAWS EC2\u306e\u30b5\u30fc\u30d0\u30fc\u69cb\u7bc9\u306b\u56db\u82e6\u516b\u82e6\u3057\u30662\u65e5\u6eb6\u304b\u3057\u3066\u3001
Python\u521d\u3081\u30662\u9031\u9593\u3060\u3057Ubuntu\u3082\u5b9f\u8cea\u521d\u898b\u3060\u304b\u3089\u6642\u9593\u304b\u304b\u308a\u305d\u3046\u3060\u306a\u3042\u3068\u601d\u3063\u3066\u305fWindows\u7528\u306e\u30c6\u30b9\u30c8\u30b3\u30fc\u30c9\u3092Linux\u306b\u79fb\u690d\u3059\u308b\u4f5c\u696d\u304c4\u6642\u9593\u3067\u7d42\u308f\u3063\u305f\u306e\u3067\u3053\u308c\u3082\u3046\u308f\u304b\u3093\u306d\u3047\u306a

2022-10-05 15:59:23 Produced message on topic twitter-streaming with value of #kalashinfotech #webdevelopment #webdesign #website #digitalmarketing #seo #webdesigner #programming #marketing #websitedesign #webdev #php #graphicdesign #wordpress #ecommerce #branding #softwaredeveloper #socialmedia #ux #kalashinfotech
https://t.co/iBrscAXZn4 https://t.co/FW0Lz8bGrA

2022-10-05 15:59:33 Produced message on topic twitter-streaming with value of Machine Learning: 4 Books in 1: A Complete Overview for Beginners to Master the Basics of Python Programming and Understand How to Build Artificial Intelligence Through Data Science https://t.co/8lHbF9LvTr  #Python #ad

2022-10-05 15:59:41 Produced message on topic twitter-streaming with value of Feeling stuck with your assignments;
Spring class
Essay due
Math
Dissertation
programming
Coding
Pay Paper...
Homework...
Online Classes
Assignment.
javascript...
Statistics..
Accounting.
VX\uff1aEssaygod01  #\u4ee3\u5199essay  #essay\u4ee3\u5199 
#\u4f5c\u4e1a\u4ee3\u5199 #\u4ee3\u5199assignment https://t.co/czbnaz3oqX

2022-10-05 15:59:43 Produced message on topic twitter-streaming with value of I've just completed a front-end coding challenge from @frontendmentor! \U0001f389

You can see my solution here: https://t.co/zhbAIuakZl

Any suggestions on how I can improve are welcome!

#FrontendMentor #CodeChallenge #CSS #html #webdesign #webdevelopment https://t.co/UW5U8YEIVj

2022-10-05 15:59:44 Produced message on topic twitter-streaming with value of #MidweekMotivation = Top 3\ufe0f\u20e3 must-watch movies for all programmers and developers! \U0001f3ac

Source: learn_web_development_0

#Coding #Coders #Programmers #Developers #HTML #Java #JavaScript #Movies #Films #Programming #Programmers #Developers #TheInternship #TheImitationGame #SteveJobs https://t.co/xqZdpDsSA0

2022-10-05 15:59:45 Produced message on topic twitter-streaming with value of #programming #100daysofcode #pythonprogramming #databasestorage #design #programminglanguages
 
Pandas for Everyone: Python Data Analysis
 
https://t.co/IDhfDkZtEG

2022-10-05 16:00:01 Produced message on topic twitter-streaming with value of HMU FOR.
\u2713Coursework  
\u2713Summer class
\u2713Essay due
\u2713Maths
\u2713Dissertation
\u2713programming
\u2713Homework help
\u2713Online Classes.
\u2713Assignment
\u2713javascript
\u2713Statistics
\u2713Term Paper
\u2713Accounting
\u2713Finance
\u2713Biology. https://t.co/t4RJ4MWvai

2022-10-05 16:00:07 Produced message on topic twitter-streaming with value of \U0001f6a8\U0001f514 Mañana jueves 6 de octubre empezamos un nuevo track sobre Python! Acompáñanos y aprende a utilizar este lenguaje de manera efectiva. 

By @JavierMarAlc
https://t.co/nEQJUci3Sy

2022-10-05 16:00:08 Produced message on topic twitter-streaming with value of \U0001f4a1 Did you know the average time spent on a web page is 54 seconds? Learn more \u27f6 https://t.co/FYgOQAAaYn

#userexperience #100daysofcode #machinelearning #webdesign #coding #google #apple #python #codenewbie #ux #amazon #datascience #ai #microsoft #technology #javascript #design

2022-10-05 16:00:09 Produced message on topic twitter-streaming with value of \U0001f514 CALL FOR PAPERS: Open Journal of Human-Computer Interaction \u27f6 Read more @ https://t.co/gh68RHB0FL

#HumanComputerInteraction #HCI #100DaysOfCode #MachineLearning #Coding #Python #UserExperience #UX #DataScience #PhD #CHI2023 #CallForPapers #A11y #UX #Google #Microsoft #Amazon https://t.co/uG7BS71rRx

2022-10-05 16:00:10 Produced message on topic twitter-streaming with value of "Life begins when you can spend your spare time programming instead of watching television." -- Cal Keegan

2022-10-05 16:00:12 Produced message on topic twitter-streaming with value of Today's Remote Programming jobs thread \U0001f9f5 \U0001f447

2022-10-05 16:00:13 Produced message on topic twitter-streaming with value of We are looking for clients! We are a group of s open to catering the ff:

- Write-ups (Filipino/English)
- Academic &amp; Creative Writing
- Graphics Commission
- Video Editing &amp; Animation
- Programming
- Research
- Laboratory Report
- Solving
- AutoCAD

Tags: lf client #commstwt

2022-10-05 16:00:14 Produced message on topic twitter-streaming with value of \u26d4\u26d4\u26d4\u26d4\u26d4\u26d4\u26d4\u26d4\u26d4\u26d4\u26d4\u26d4

                         \u0e23\u0e31\u0e1a\u0e17\u0e33
          \u0e01\u0e32\u0e23\u0e1a\u0e49\u0e32\u0e19 \u0e02\u0e49\u0e2d\u0e2a\u0e2d\u0e1a \u0e42\u0e1b\u0e23\u0e40\u0e08\u0e04  
   
                  Python C C++
         Arduino ESP32  ESP8266

\u26d4\u26d4\u26d4\u26d4\u26d4\u26d4\u26d4\u26d4\u26d4\u26d4\u26d4\u26d4

\U0001f4af\u0e42\u0e14\u0e22\u0e23\u0e38\u0e48\u0e19\u0e1e\u0e35\u0e48\u0e27\u0e34\u0e28\u0e27\u0e30 \u0e17\u0e31\u0e01 DM \u0e2a\u0e2d\u0e1a\u0e16\u0e32\u0e21\u0e44\u0e14\u0e49\u0e40\u0e25\u0e22\u0e04\u0e31\u0e1a\U0001f4af

#\u0e23\u0e31\u0e1a\u0e40\u0e02\u0e35\u0e22\u0e19\u0e42\u0e1b\u0e23\u0e41\u0e01\u0e23\u0e21 #\u0e23\u0e31\u0e1a\u0e40\u0e02\u0e35\u0e22\u0e19\u0e42\u0e04\u0e49\u0e14 #\u0e23\u0e31\u0e1a\u0e17\u0e4d\u0e32\u0e42\u0e1b\u0e23\u0e40\u0e08\u0e04 https://t.co/SyrjSyTEk4

2022-10-05 16:00:15 Produced message on topic twitter-streaming with value of \u3010AI Programmer\u3011

\u65e5\u672c\u8a9e\u304b\u3089\u30d7\u30ed\u30b0\u30e9\u30e0\u3092\u81ea\u52d5\u751f\u6210 | Blender\u3084Maya\u306b\u3082\u5bfe\u5fdc | Python javascript C++ html \u6b63\u898f\u8868\u73fe\u306a\u3069

Blender\u3067\u8a66\u3057\u305f\u3068\u3053\u308d\u3001\u77ed\u3044\u6307\u793a\u306a\u3089\u3057\u3063\u304b\u308a\u5fdc\u3048\u3066\u304f\u308c\u307e\u3057\u305f

https://t.co/vw6H3laMVR

#cg #Blender3d #Maya #3D https://t.co/UO2g1cHqda

2022-10-05 16:00:16 Produced message on topic twitter-streaming with value of CursorTek is #selling #bulk #data of 3k plus #categories like:

#plumbing #realtor #contractors #HVAC #medical #dentists #hotels #restaurants #lawyers #flooring #roofing #builders #architecture #leads #emails #emailslist #socialmedia #python #php #java

https://t.co/xO23syY7dI https://t.co/cuCedgGMue

2022-10-05 16:00:18 Produced message on topic twitter-streaming with value of \u25a0IT\u30a8\u30f3\u30b8\u30cb\u30a2\u306a\u3089\u77e5\u3063\u3066\u304a\u304d\u305f\u3044
LAMP\uff08\u30e9\u30f3\u30d7\uff09\uff1a
Linux\u3001Apache\u3001MySQL\u3001PHP\uff08Python\u3001Perl\uff09
\u3067\u69cb\u7bc9\u3057\u305f\u74b0\u5883\u306e\u3053\u3068\u3002

\u3053\u308c\u304c\u51fa\u6765\u305f\u3089Web\u30b7\u30b9\u30c6\u30e0\u30921\u304b\u308910\u307e\u3067\u9762\u5012\u898b\u308c\u307e\u3059\u3002

#\u99c6\u3051\u51fa\u3057\u30a8\u30f3\u30b8\u30cb\u30a2\u3068\u7e4b\u304c\u308a\u305f\u3044
#\u30d7\u30ed\u30b0\u30e9\u30df\u30f3\u30b0\u521d\u5fc3\u8005

2022-10-05 16:00:19 Produced message on topic twitter-streaming with value of \u5236\u5fa1\u5bfe\u8c61\u306e\u30e2\u30c7\u30eb\u8868\u73fe\u306b\u306f\u300c\u4f1d\u9054\u95a2\u6570\u300d\u3068\u300c\u72b6\u614b\u65b9\u7a0b\u5f0f\u300d\u304c\u3042\u308b\uff08p.87\uff09

#Python\u306b\u3088\u308b\u5236\u5fa1\u5de5\u5b66\u5165\u9580

2022-10-05 16:00:20 Produced message on topic twitter-streaming with value of \uff3c\u306a\u305c\u7814\u4fee\u3067Python\u304c\u9078\u3070\u308c\u308b\u306e\uff1f\uff0f

Python\u3067\u3067\u304d\u308b\u3053\u3068\u306e\u7bc4\u56f2\u304c\u975e\u5e38\u306b\u5e83\u3044\u304b\u3089\u3067\u3059\u3002

\u30c7\u30fc\u30bf\u5206\u6790\u3001AI\u4f5c\u6210\u3001\u30ed\u30dc\u30c3\u30c8\u30d7\u30ed\u30b0\u30e9\u30df\u30f3\u30b0\u3001
\u81ea\u52d5\u5316\u30c4\u30fc\u30eb\u306e\u4f5c\u6210\u3001Web\u30a2\u30d7\u30ea\u3001\u30cd\u30a4\u30c6\u30a3\u30d6\u30a2\u30d7\u30ea…

Instagram\u3084YouTube\u3082Python\u3067\u3067\u304d\u3066\u3044\u307e\u3059\U0001f40d\U0001f4a1

#\u99c6\u3051\u51fa\u3057\u30a8\u30f3\u30b8\u30cb\u30a2\u3068\u7e4b\u304c\u308a\u305f\u3044 #\u4f01\u696d\u516c\u5f0f\u76f8\u4e92\u30d5\u30a9\u30ed\u30fc

2022-10-05 16:00:21 Produced message on topic twitter-streaming with value of Introducing AWS Sage Hostingbest (SHB)™

AWS SHB handles user authentication and authorization for your Amazon EC2 instances on Amazon EC2 instances can access using any programming language that you use the ideal voice for your data.

2022-10-05 16:00:22 Produced message on topic twitter-streaming with value of Automation And #AI: How To Make The Most Of Your #Data 
https://t.co/1c6aX0wuU5

#cryptocurrencies #MachineLearning #AI #Python #DeepLearning #100DaysOfCode #fintech #nocode #bitcoin #cybersecurity #cybersecurite #metaverse #NFTs #web3 #Tesla https://t.co/SJdOYQxEuk

2022-10-05 16:00:24 Produced message on topic twitter-streaming with value of Without effective management, #APIs will not deliver their digital transformation potential 

via @wso2 

 #Cloud #DevOps #DevSecOps #ITSM #Dev #Software #Agile #SQL #javascript #web3 #developer #DataScience #IoT #Python #Programming #Coding #webdev
https://t.co/JAQroHSXBP

2022-10-05 16:00:25 Produced message on topic twitter-streaming with value of #CeJourLa 1969 : première diffusion télévisée, en Grande-Bretagne, du Monty Python's Flying Circus. https://t.co/9xlipHCaAt

2022-10-05 16:00:26 Produced message on topic twitter-streaming with value of Duplicate code is a symptom of structural problems. #programming

2022-10-05 16:00:27 Produced message on topic twitter-streaming with value of \u30e9\u30ba\u30d9\u30ea\u30fc\u30d1\u30a4\u3088\u308a\u300110\u67085\u65e518\u66420\u5206\u306e\u7a7a\u6a21\u69d8\u3068\u6c17\u6e29 7.812\u2103 #raspberrypi #python #fswebcam #photo #\u5317\u6d77\u9053 #\u30aa\u30db\u30fc\u30c4\u30af #\u30a4\u30de\u30bd\u30e9 https://t.co/Sik0G0OiDd

2022-10-05 16:00:29 Produced message on topic twitter-streaming with value of Having organoids that accurately and consistently recreate the structure and cellular makeup of specific sections of the brain is especially important for studying disorders like schizophrenia and aut
https://t.co/BZUdnbi9hn
#TECH #Technology #technews #programming #software

2022-10-05 16:00:30 Produced message on topic twitter-streaming with value of Java program to display the multiplication of the input number from 1 to 10. -  cc: @MayankVikash1 https://t.co/IcO1RbIqje #java #programming

2022-10-05 16:00:31 Produced message on topic twitter-streaming with value of Python\u5b66\u7fd2\u30c1\u30e3\u30f3\u30cd\u30eb\u304b\u3089\u3001Python\u304a\u60a9\u307f\u89e3\u6c7a\u306e\u7d39\u4ecb\u3067\u3059\u3002
\u4eca\u56de\u306f `ZeroDivisionError: division by zero` \u3068\u3044\u3046\u30a8\u30e9\u30fc\u306e\u610f\u5473\u3068\u3001\u305d\u306e\u89e3\u6c7a\u65b9\u6cd5\u3092\u89e3\u8aac\u3057\u307e\u3059\u3002
https://t.co/pMsEcjFnBF

2022-10-05 16:00:32 Produced message on topic twitter-streaming with value of How a routine gem update ended up creating $73k worth of subscriptions (from 13/01/2022)  #twitterbot #ruby #rails #rubyonrails #rubydeveloper #railsdeveloper #programming  https://t.co/kq36Aw9SBR

2022-10-05 16:00:33 Produced message on topic twitter-streaming with value of \u3053\u3093\u3070\u3093\u306f\u3002
2022\u5e7410\u67085\u65e5\u5915\u65b9\u306f\u89b3\u6226\u8a18\u306e\u66f4\u65b0\u304c\u3042\u308a\u307e\u305b\u3093\u3067\u3057\u305f\u3002
\u6628\u65e5\u4eca\u65e5\u306e\u30cb\u30e5\u30fc\u30b9\u306e\u4e00\u89a7\u304c\u3053\u3053(https://t.co/dIM2LZ7cxN)\u3067\u898b\u3089\u308c\u307e\u3059\u3002
\u7686\u69d8\u3001\u4eca\u591c\u3082\u826f\u3044\u4e00\u6642\u3092\u2606

2022-10-05 16:00:35 Produced message on topic twitter-streaming with value of Are you looking for Jnr tech talent but are struggling to find people that match your company's needs? \U0001f629

Adam Snow, @makersacademy grad and now Lead Engineer @WondrMedical explains how they are growing their own tech talent using coding bootcamps \U0001f331
https://t.co/WVSVrymzi4 \U0001f469\u200d\U0001f4bb https://t.co/Udufm7ATGC

2022-10-05 16:00:36 Produced message on topic twitter-streaming with value of Cant believe I'm so awake at this time. Should sleep on the sofa more often.

Today's goal is to complete the programming exercises and teach myself an understanding and using basic code. 

But first coffee.

2022-10-05 16:00:37 Produced message on topic twitter-streaming with value of no bc being taught coding through us designing our own website is so bonkers

2022-10-05 16:00:38 Produced message on topic twitter-streaming with value of \u25a0\u2501\u2501\u2501\u2501\u2501\u2501\u2501\u2501\u2501\u2501\u2501\u2501\u2501\u2501\u2501\u25a1
\u30ad\u30e3\u30e9\u7d39\u4ecb\u2463 \u30b7\u30fc\u30a2(\u59b9)\u3068\u30df\u30fc\u30a2(\u5144)
\u25a1\u2501\u2501\u2501\u2501\u2501\u2501\u2501\u2501\u2501\u2501\u2501\u2501\u2501\u2501\u2501\u25a0
#Python \u57fa\u790e\u6587\u6cd5\u304c\u5b66\u3079\u308b\u30b3\u30fc\u30b9\u3067\u4f1a\u3048\u308b\u4ef2\u826f\u3057\u53cc\u5b50!

\U0001f7e5\u3044\u3082\u30fc\u3068\u30fc\u30fc\uff01\u304d\u3087\u3046\u3082\u3070\u306a\u306a\u305f\u3079\u308a\u3085\u30fc\uff01\u3061\u3083\u30fc\u30fc

\U0001f535\u306b\u3044\u3061\u3083\u30fc\u30fc\uff01\u3070\u306a\u306a\u306e\u3080\u304d\u304b\u305f\u308f\u3059\u308c\u305f\u3041\u3041\u30fc\u30fc\uff01
#\u30d7\u30ed\u30b0\u30e9\u30df\u30f3\u30b0\u6559\u80b2 https://t.co/xnlDxPi6P6

2022-10-05 16:00:44 Produced message on topic twitter-streaming with value of $coding $code $bot this is my tiny gallery (follo me on twitch: https://t.co/oeg1ZA8osa) 
 .\u2003 ________________
\u2571| ______________ \u2571|
|\u2003|\u2b1c\u2b1c\u2b1c\u2b1c\u2b1c|\u2003 |
|\u2003|\u2b1c\U0001f5fd\u2b1c\U0001f5fe\u2b1c|\u2003 |
|\u2003|\u2b1c\u2b1c\u2b1c\u2b1c\u2b1c|\u2003 |
|\u2571 \uffe3 \uffe3\uffe3\U0001f46b\uffe3 \uffe3 |\u2571
 \uffe3\uffe3\uffe3\uffe3\uffe3\uffe3\uffe3

2022-10-05 16:00:45 Produced message on topic twitter-streaming with value of Do you teach Key Stage 3 Computing? Many of our Year 5 and 6 Computing Activity Packs also cover many areas of the KS3 Computing Curriculum. Including Python, Binary, HTML, Scratch, Data Handling, Networks and much more. https://t.co/6PgHajSLey #edtech https://t.co/YkroLGJNaa

2022-10-05 16:00:47 Produced message on topic twitter-streaming with value of Pls like and subscribe thanks

https://t.co/mOSrhw2G6U

https://t.co/EXuRFeWpT5
#artificialintelligence #künstlicheIntelligenz
 #100DaysOfCode #CyberSecurity #Blockchain #DataSecurity #dataScientist #5G #DataAnalytics #Python #IoT #MachineLearning #java #TensorFlow #Cloud #coding

2022-10-05 16:00:48 Produced message on topic twitter-streaming with value of A coding resource https://t.co/m2PESLu8L2

2022-10-05 16:00:57 Produced message on topic twitter-streaming with value of Create your free account
\U0001f447
https://t.co/r88bINalol

View courses
\U0001f447
https://t.co/6CogyvMdSK

#webdevelopment #SQL #javascript #github #git #Web3 #DevOps #developer #DataScience  #MachineLearning #Python #Java #ReactJS #Angular #Linux #Coding #100DaysOfCode #FrontEnd #FullStack https://t.co/8fGL9AQfCz

2022-10-05 16:00:58 Produced message on topic twitter-streaming with value of Meet ProductDock at the ConEEct Students conference tomorrow! 

Our Nemanja Vasi\u0107 came up with a witty, funny and entertaining game that will test your programming knowledge as you solve riddles to get to the next level and ultimately find out the final answer! :) https://t.co/9Jzl9r5NHe

2022-10-05 16:01:07 Produced message on topic twitter-streaming with value of \u26d4\u26d4\u26d4\u26d4\u26d4\u26d4\u26d4\u26d4\u26d4\u26d4\u26d4\u26d4
                       \u0e23\u0e31\u0e1a\u0e17\u0e33
       \u0e01\u0e32\u0e23\u0e1a\u0e49\u0e32\u0e19  \u0e02\u0e49\u0e2d\u0e2a\u0e2d\u0e1a  \u0e42\u0e1b\u0e23\u0e41\u0e01\u0e23\u0e21
  
         Calculus 123 Math 123  
 Python C C++ Arduino ESP8266 

\u26d4\u26d4\u26d4\u26d4\u26d4\u26d4\u26d4\u26d4\u26d4\u26d4\u26d4\u26d4

\U0001f4af\u0e42\u0e14\u0e22\u0e23\u0e38\u0e48\u0e19\u0e1e\u0e35\u0e48\u0e27\u0e34\u0e28\u0e27\u0e30 \u0e17\u0e31\u0e01\u0e2a\u0e2d\u0e1a\u0e16\u0e32\u0e21\u0e44\u0e14\u0e49\u0e40\u0e25\u0e22\u0e04\u0e31\u0e1a\U0001f4af

#\u0e23\u0e31\u0e1a\u0e17\u0e4d\u0e32\u0e01\u0e32\u0e23\u0e1a\u0e49\u0e32\u0e19 #\u0e23\u0e31\u0e1a\u0e17\u0e4d\u0e32\u0e01\u0e32\u0e23\u0e1a\u0e49\u0e32\u0e19\u0e21\u0e2b\u0e32\u0e25\u0e31\u0e22 #\u0e23\u0e31\u0e1a\u0e17\u0e4d\u0e32\u0e02\u0e49\u0e2d\u0e2a\u0e2d\u0e1a https://t.co/5t0NMh0SkH

2022-10-05 16:01:08 Produced message on topic twitter-streaming with value of Welcome to our team @gwarren_smith !

Gabriella is a new member of staff, enhancing the communications strategy and dissemination for ADLIFE. 

You can read about her background in psychology, research, curating &amp; public programming in this Q&amp;A.

\U0001f440 \U0001f449 https://t.co/KfDAqeX7zr https://t.co/yRlrsdbaSN

2022-10-05 16:01:14 Produced message on topic twitter-streaming with value of With machine learning, which is the bwst language? 

Python or JavaScript? https://t.co/JrMfxo1GZ4

2022-10-05 16:01:25 Produced message on topic twitter-streaming with value of Create your free account
\U0001f447
https://t.co/r88bINalol

View courses
\U0001f447
https://t.co/6CogyvMdSK

#HTML5 #CSS3 #jQuery #Angular #ReactJS #VueJS #SAAS #Bootstrap #webdevelopment #website #learning #coding #PHP #Ruby #Python #Nodejs #MongoDB #MySQL #Meanstack #blogging #programing https://t.co/uWtQo4tgwC

2022-10-05 16:01:28 Produced message on topic twitter-streaming with value of .@JSTheatre has announced programming for the first half of 2023! 
https://t.co/vhfy8JjWyV

2022-10-05 16:01:29 Produced message on topic twitter-streaming with value of \U0001f40d Vuoi imparare tutto su #Python e allo stesso tempo supportare #PythonItalia? @apogeonline, da sempre amico della community di Python, ha creato cinque collezioni di Ebook: 20 ebook, disponibili a un prezzo super, fino al 31 ottobre. 

Scopri di più:
https://t.co/NFloCXwaoQ https://t.co/G0AEbSmlTy

2022-10-05 16:01:30 Produced message on topic twitter-streaming with value of Version 22.0.0.10 of Open Liberty, a framework for Java ecosystem for building microservices, is now available.

Download the DevBytes app to know more: https://t.co/8wTyCCGPLc

#IBM #Java #programming https://t.co/bEocNozBrv

2022-10-05 16:01:33 Produced message on topic twitter-streaming with value of Happy Dussehra To All Of You/ Hope this Festive Season Brings lots of Joy to All Of You
#happydussehra\u2764\ufe0f#happynavrati #dussehra #developer #programming #coding #programmer #javascript #code #coder #python #webdeveloper #java #html #software #technology #developer #business
1m https://t.co/d0GAIL128D

2022-10-05 16:01:39 Produced message on topic twitter-streaming with value of TRON PRICE PREDICTION

PRICE : RISE\u2934 in 60 min.
BUY 48,200.0 TRX for $0.0622 apiece on Binance
Target price : $0.0634
Amount: $2,991

#TRON #TRX #Python #Binance
https://t.co/gC32Ueifoo https://t.co/o0psExqKIe

2022-10-05 16:01:42 Produced message on topic twitter-streaming with value of Happy Dussehra 
#kalashinfotech #webdevelopment #webdesign #website #digitalmarketing #seo #webdesigner #programming #marketing #websitedesign #webdev #php #graphicdesign #wordpress #ecommerce #branding #softwaredeveloper #socialmedia #ux #programmers 
https://t.co/iBrscAXZn4 https://t.co/jbrpK022p3

2022-10-05 16:01:44 Produced message on topic twitter-streaming with value of Launching my journey into the world of coding! Day 1 of iOS dev with codecademy. @Codecademy

2022-10-05 16:01:45 Produced message on topic twitter-streaming with value of Notre formation Datascience avec Python vient de débuter chez @dynacentrix \u202f! Vous avez raté cette session, inscrivez-vous à la prochaine, les 7,8 et 9 décembre 2022 prochains à Paris #formation #datascience 

https://t.co/ICckuS1Pv5

2022-10-05 16:01:53 Produced message on topic twitter-streaming with value of Amazon\u306a\u3069\u3067\u4e88\u7d04\u53d7\u4ed8\u4e2d\u266a
11/30\u767a\u58f2\u4e88\u5b9a
\u9a5a\u6115\u306e\u30b7\u30ea\u30fc\u30ba\u7b2c\u4e09\u5f3e\u306fTECH-ON VS TECH-ON\uff01
S.H.Figuarts \u30f4\u30a7\u30ce\u30e0 \u30b7\u30f3\u30d3\u30aa\u30fc\u30c8 \u30a6\u30eb\u30f4\u30a1\u30ea\u30f3(\u30c6\u30c3\u30af\u30fb\u30aa\u30f3\u30fb\u30a2\u30d9\u30f3\u30b8\u30e3\u30fc\u30ba)
(10/05 18:01:46)
https://t.co/Mwl99vGKXR

2022-10-05 16:01:57 Produced message on topic twitter-streaming with value of 4 things you need to know about the metaverse this week - World Economic Forum https://t.co/st5dZ7QKSJ 

Breaking #Metaverse News #Web3 #Meta #VR #AR #AI #Blockchain #Crypto #Fintech #NFT #NFTCommunity #Coding #100DaysOfCode #JavaScript #Python #Tech #DataScience #BigData #Mach…

2022-10-05 16:01:58 Produced message on topic twitter-streaming with value of The metaverse will have disrupted the manufacturing industry by 2030 - Verdict https://t.co/XRUoxTxSiE 

Breaking #Metaverse News #Web3 #Meta #VR #AR #AI #Blockchain #Crypto #Fintech #NFT #NFTCommunity #Coding #100DaysOfCode #JavaScript #Python #Tech #DataScience #BigData #Mach…

2022-10-05 16:01:59 Produced message on topic twitter-streaming with value of If you need a #Python environment (despite being an awful language it's still the best choice for notebooks / quick data analysis), I can really recommend micromamba, which is basically a performant conda clone:

https://t.co/iWUUbXhsan

2022-10-05 16:02:02 Produced message on topic twitter-streaming with value of \u3010\u8ecd\u4e8b\u3067\u9632\u72af\u30fb\u6295\u8cc7\u3011\u88d5\u798f\u306b\u6210\u308c\u308b\u65e5\u5e38\u751f\u6d3b\u306e\u7fd2\u6163\u3010\u30c0\u30a4\u30a8\u30c3\u30c8\u306a\u55b6\u696d\u8853\u3011\uff0b\u3010\u30b3\u30f3\u30b5\u30eb\u4ed5\u4e8b\u30ce\u30a6\u30cf\u30a6\u3011\uff5c\u57ce\u795eYU\uff20\u8ecd\u4e8bSE\u306b\u3088\u308b\u6295\u8cc7\u3084\u5546\u58f2\u306a\u3069\u3067\u640d\u3092\u3057\u306a\u3044\u30eb\u30fc\u30eb #note https://t.co/chaU0jtUMz 

#Python #NFT

2022-10-05 16:02:10 Produced message on topic twitter-streaming with value of Violence. Black magic. Murder. Programming.

2022-10-05 16:02:14 Produced message on topic twitter-streaming with value of I am a full stack web developer &amp; Web 3.0 developer &amp; Rust enthusiast, i don't fix printers
#programming #rustlang #nodejs

2022-10-05 16:02:20 Produced message on topic twitter-streaming with value of This tutorial explains how to use the Seaborn barplot function in Python, including how to make grouped bar plots, bar plots with values and barplot titles.
https://t.co/XlFaFwd9Bn

2022-10-05 16:02:21 Produced message on topic twitter-streaming with value of 2022-10-05 18:02:12 \u306e\u304a\u3059\u3059\u3081\u306e\u30a2\u30a4\u30c6\u30e0\u306f\u2193 
\u304a\u5bb6\u6642\u9593\u3092\u6709\u52b9\u306b\u30af\u30ea\u30a8\u30a4\u30c6\u30a3\u30d6\u306b Python\u3067\u306f\u3058\u3081\u308b\u30c7\u30b9\u30af\u30c8\u30c3\u30d7\u30a2\u30d7\u30ea\u958b\u767a\u5165\u9580 https://t.co/bITGfB3Hgk

2022-10-05 16:02:26 Produced message on topic twitter-streaming with value of When Computer Coding Was a 'Woman's' Job https://t.co/nrT4b9eE30  !

2022-10-05 16:02:28 Produced message on topic twitter-streaming with value of 2022-10-05 18:02:19 \u306e\u304a\u3059\u3059\u3081\u306e\u30a2\u30a4\u30c6\u30e0\u306f\u2193 
\u304a\u5bb6\u6642\u9593\u3092\u6709\u52b9\u306b\u30af\u30ea\u30a8\u30a4\u30c6\u30a3\u30d6\u306b Python\u3067\u306f\u3058\u3081\u308b\u30c7\u30b9\u30af\u30c8\u30c3\u30d7\u30a2\u30d7\u30ea\u958b\u767a\u5165\u9580 https://t.co/4e4FM64eUK

2022-10-05 16:02:29 Produced message on topic twitter-streaming with value of RIPPLE PRICE PREDICTION

PRICE : RISE\u2934 in 60 min.
BUY 6,270.0 XRP for $0.4788 apiece on Binance
Target price : $0.4884
Amount: $2,978

#Ripple #XRP #Python #Binance
https://t.co/gC32Ueifoo https://t.co/HOxFqrXxSP

2022-10-05 16:02:31 Produced message on topic twitter-streaming with value of Been Slacking On My Programming \U0001f926\U0001f3fe\u200d\u2642\ufe0f

2022-10-05 16:02:45 Produced message on topic twitter-streaming with value of Predictive Programming Of Implants On The BBC. https://t.co/BfCD5BD8gP

2022-10-05 16:02:57 Produced message on topic twitter-streaming with value of We are reliable to offer you A grade in your;
\u2713nursing
\u2713finance
\u2713physics
\u2713physics
\u2713chemistry
\u2713algebra
\u2713calculus
\u2713essay pay,.
\u2713Assignment due
#100DaysOfCode
#WomenWhoCode
#javascript
#Python.
#cybersecurity
#programming
#xula #ASU #AAMU.

2022-10-05 16:03:01 Produced message on topic twitter-streaming with value of \u307f\u3093\u306a\u304b\u3089\u306e\u533f\u540d\u8cea\u554f\u3092\u52df\u96c6\u4e2d\uff01

\u30d1\u30a4\u30bd\u30f3\u541b\u3055\u3093\u306f\u307e\u3060\u7b54\u3048\u305f\u8cea\u554f\u304c\u3042\u308a\u307e\u305b\u3093\uff01
\u30d1\u30a4\u30bd\u30f3\u541b\u3055\u3093\u306e\u8a18\u5ff5\u3059\u3079\u304d\u6700\u521d\u306e\u56de\u7b54\u306f\u3042\u306a\u305f\u306e\u8cea\u554f\u304b\u3082\uff01\uff1f
#\u8cea\u554f\u7bb1 #\u533f\u540d\u8cea\u554f\u52df\u96c6\u4e2d

https://t.co/zyhFfmdlw3

2022-10-05 16:03:02 Produced message on topic twitter-streaming with value of \U0001f4c5 18-20 October 2022 
\U0001f4bb online

ERA-Net Smart Energy Systems invites to join their conference on strategic actions for Energy Systems Integration in Europe and beyond. 

Let´s make the clean energy transition happen \U0001f4aa

Register here https://t.co/jGSlL6U6E4 https://t.co/88NM5Pmu36

2022-10-05 16:03:06 Produced message on topic twitter-streaming with value of HIRING: Research Scientist in ML for Climate Modeling / Remote Hybrid https://t.co/wF06SFbvT1 #AI #MachineLearning #DataJobs #Jobsearch #MLjobs #bigdata #DataScience #AIjobs #hiringnow #RemoteJob #MachineLearning #Mathematics #Python #Research #Robotics #Statistics

2022-10-05 16:03:08 Produced message on topic twitter-streaming with value of Loading multiple libraries in one line of code. 
#Rstats #Python https://t.co/zKtPoszPI8

2022-10-05 16:03:13 Produced message on topic twitter-streaming with value of Are you overwhelmed by too many assignments and probably need someone to help?
We have a competent team of specialists at your disposal:-
Pay essay
Maths
Statistics 
Econometrics 
Python 
Pay homework 
History 
Essay due 
Essay help
Excel classes
Anatomy
Trigonometry #essay\u4ee3\u5199 https://t.co/1dqH0wyaNx

2022-10-05 16:03:17 Produced message on topic twitter-streaming with value of Oh Lord, help us programming students survive this journey

2022-10-05 16:03:20 Produced message on topic twitter-streaming with value of How to upload to S3 from Angular Project
#angular #html #javascript #css #programming #java #python #reactjs #webdevelopment #nodejs #php #webdeveloper #coding #react #vuejs #software #js #softwaredeveloper #developer #webdesign #programmer
https://t.co/okXCMoblBR

2022-10-05 16:03:21 Produced message on topic twitter-streaming with value of How to upload to S3 from Angular Project
#angular #html #javascript #css #programming #java #python #reactjs #webdevelopment #nodejs #php #webdeveloper #coding #react #vuejs #software #js #softwaredeveloper #developer #webdesign #programmer
https://t.co/4GN7CqRFWw

2022-10-05 16:03:26 Produced message on topic twitter-streaming with value of If only this could be done ... \U0001f605
Follow @novus_ui for more \U0001f525tech contents. 
#programming #programmers #SoftwareDeveloper #SoftwareEngineer #javascript #programmingmemes #Python #techbro #javascript #developer #coding #code #java #html #software #technology #uiux
@dey__bee https://t.co/ng3CRmtscT

2022-10-05 16:03:28 Produced message on topic twitter-streaming with value of Writing services offered by us include
-Essay due
-Homework
-Test help
-Stats
-Online class
-Pay paper
-Math
-History paper
-Anatomy
-Philosophy
-Presentation
-Calculus
-Discussion
-Psychology
-Assignment
-Algebra
-Coursework 
Python
Do my homework
Dm us now

2022-10-05 16:03:34 Produced message on topic twitter-streaming with value of Day 4
Learnt about List,the different ways in which list can be manipulated. Used the random function and list indexing to build a treasure island game, and a Rock Paper Scissors game. #100daysofcoding #Python https://t.co/li8t9tWkv3

2022-10-05 16:03:35 Produced message on topic twitter-streaming with value of To quote the great Monty Python 'and now for something completely different'. Now, I love abit of heavy rock, very partial to jazz and plain song/Gregorian chant too so when an  #CKraft #CKRAFTPROD/INOUÏEDISTRIBUTION #EpicDiscordantVision

https://t.co/GrBwiENhA3 https://t.co/lUCiYfpakU

2022-10-05 16:03:51 Produced message on topic twitter-streaming with value of App link https://t.co/ZvIv5NnhgU
#BigData #Analytics 
#DataScience #Coding #100DaysofCode #AI #MachineLearning 
#IoT #IIoT #Python #RStats #TensorFlow 
#Java #JavaScript #ReactJS #CloudComputing 
#Serverless #DataScientist #Linux #Programming

2022-10-05 16:04:01 Produced message on topic twitter-streaming with value of NEW JOB ROLE: Senior Software Engineer (Go/Python) Up to €100K Hybrid, Amsterdam, €75k - 100k per year https://t.co/Tt2VSLdyGf https://t.co/s2I6E9o3BS

2022-10-05 16:04:02 Produced message on topic twitter-streaming with value of Python Engineers – Remote in Ireland https://t.co/0GCy6q5RMR

2022-10-05 16:04:03 Produced message on topic twitter-streaming with value of app link: https://t.co/ZvIv5NnhgU
#VenmoMe #AEWDynamite #Hybe #Misery #Crush #LoveOnTourNYC #Nixon #Barr #stock #DahmerNetflix #Python #DataScientist #BigData #Analytics #Serverless  #AI #TensorFlow #JavaScript #ReactJS  #Linux #100daysofcoding

2022-10-05 16:04:06 Produced message on topic twitter-streaming with value of Strategic IT Solutions
#technology #tech #innovation #engineering #business #iphone #technews
#science #design #apple #gadgets #electronics #android #software #programming
#smartphone #samsung #instagood #coding #computer #pro #instatech #education
#security #gadget #instagram https://t.co/p0qqkfVnSL

2022-10-05 16:04:09 Produced message on topic twitter-streaming with value of Conseils de programmation Il y a beaucoup de choses à comprendre. #Programming #100DaysOfCode #CodeNewbie #Beginner https://t.co/YK8ve4y5Ko 9

2022-10-05 16:04:12 Produced message on topic twitter-streaming with value of \u7d76\u8cdb\u30a8\u30f3\u30b8\u30cb\u30a2\u52df\u96c6\u4e2d\U0001f4e9

\uff1c\u696d\u52d9\u5185\u5bb9\uff1e
\u57fa\u76e4\u30a4\u30f3\u30c6\u30b0\u30ec\u30fc\u30b7\u30e7\u30f3\u306b\u304a\u3051\u308b\u63d0\u6848\u8a2d\u8a08\u30fb\u69cb\u7bc9\u30fb\u79fb\u884c\u30fb\u30c6\u30b9\u30c8\u6539\u5584

\uff1c\u6280\u8853\uff1e
AWS\uff1aEC2\u3001RDS\u3001ALB\u3001IAM\u3001Lambda
OS\uff1aLinux\u3001Windows
\u8a00\u8a9e\uff1aPython

#Twitter\u8ee2\u8077
#AWS\u30a8\u30f3\u30b8\u30cb\u30a2
#\u30a4\u30f3\u30d5\u30e9\u30a8\u30f3\u30b8\u30cb\u30a2\u52df\u96c6
https://t.co/wSVuIT7pqx

2022-10-05 16:04:14 Produced message on topic twitter-streaming with value of $coding $code $bot this is my tiny gallery (follo me on twitch: https://t.co/WIm2qxikGc 
 NFT, NFTGIVEAWAY, NFTCREATOR, NFTCREATORS 
 .\u2003 ________________
\u2571| ______________ \u2571|
|\u2003|\u2b1c\u2b1c\u2b1c\u2b1c\u2b1c|\u2003 |
|\u2003|\u2b1c\U0001f5fc\u2b1c\U0001f3d4\u2b1c|\u2003 |
|\u2003|\u2b1c\u2b1c\u2b1c\u2b1c\u2b1c|\u2003 |
|\u2571 \uffe3 \uffe3\U0001f46d\U0001f6b6\uffe3 \uffe3 |\u2571
 \uffe3\uffe3\U0001f3c3\uffe3\uffe3\uffe3\uffe3

2022-10-05 16:04:15 Produced message on topic twitter-streaming with value of Are you overwhelmed by too many assignments and probably need someone to help?
We have a competent team of specialists at your disposal:-
Pay essay
Maths
Statistics 
Econometrics 
Python 
Pay homework 
History 
Essay due 
Essay help 
Excel classes
#IoT #code @bettprofessors

2022-10-05 16:04:18 Produced message on topic twitter-streaming with value of Convert curl commands to Python, JavaScript, PHP, R, Go, C#, Ruby, Rust, Elixir, Java, MATLAB, Dart, CFML, Ansible URI, Strest or JSON. 
I use it on daily bases for #scripting and #automation. \U0001f4af

https://t.co/8ANr9XciO7

#Hacking #infosec #CyberSecurity #bugbountytips @NickC_dev

2022-10-05 16:04:25 Produced message on topic twitter-streaming with value of It's not like Simon had a few opinions here and there, he's been programming Celsians with lies for months on end.

The plan is coming and nothing you've heard is true.

It's not this complicated hopeless anything, it's gonna be a properly vetted plan that everyone can see.

2022-10-05 16:04:28 Produced message on topic twitter-streaming with value of Detect Hidden Cameras around you
app link: https://t.co/ZvIv5NnhgU
#VenmoMe #AEWDynamite #Hybe #Misery #Crush #LoveOnTourNYC #Nixon #Barr #stock #DahmerNetflix #Python #DataScientist #BigData #Analytics #Serverless  #AI #TensorFlow #JavaScript #ReactJS  #Linux #100daysofcoding https://t.co/FjG0RmyxT6

2022-10-05 16:04:47 Produced message on topic twitter-streaming with value of Detect Hidden Cameras 
app link: https://t.co/ZvIv5NnhgU
#HTML #100DaysOfCode #algorithm #DEVCommunity #indiedev #Python #developers #career #codinglife #learntocode #programming #javascript #Coding #Java #DSA #python #pythoncode #FAANG #programmer #AI #MachineLearning #Json https://t.co/kQc2iAhP1a

2022-10-05 16:04:51 Produced message on topic twitter-streaming with value of Python Engineers – Remote in Ireland https://t.co/YtGhFaFLYk

2022-10-05 16:04:52 Produced message on topic twitter-streaming with value of HIRING: Team Lead, Merchant Data Analytics / Singapore https://t.co/ZO13aDcV58 #AI #MachineLearning #DataJobs #Jobsearch #MLjobs #bigdata #DataScience #AIjobs #hiringnow #Singapore #DataAnalytics #Datastrategy #FinTech #Looker #Python #R #SQL #Tableau

2022-10-05 16:04:53 Produced message on topic twitter-streaming with value of Python Engineers – Remote in Ireland https://t.co/z9hb2LA3so

2022-10-05 16:05:06 Produced message on topic twitter-streaming with value of I just earned the Machine Learning with Python certification @freeCodeCamp! Check it out here: https://t.co/51qJsEEw0f

2022-10-05 16:05:07 Produced message on topic twitter-streaming with value of Well! 
#cpp #hackerrank #coding #ontrack #firststep https://t.co/NSb5eDj8c7

2022-10-05 16:05:10 Produced message on topic twitter-streaming with value of Info Edge has invested Rs 135.4 crore ($17 million) to acquire a majority stake in the e-learning platform Coding Ninjas.

@InfoEdgeVC #eLearning #acquisition #startups

2022-10-05 16:05:11 Produced message on topic twitter-streaming with value of \u4e0b\u4e00\u4f4d\u83b7\u5f97\u8bfa\u8d1d\u5c14\u5956\u7684\u534e\u4eba\uff0c\u53ef\u80fd\u662f\u5979\uff1f
https://t.co/lqE5HkFdmM
#TECH #Technology #technews #programming #software

2022-10-05 16:05:16 Produced message on topic twitter-streaming with value of VIRAL VIDEO : \u092a\u0947\u0921\u093c \u092a\u0930 \u0910\u0938\u0947 \u091a\u0922\u093c\u093e "\u091a\u093e\u0932\u093e\u0915 \u0905\u091c\u0917\u0930", \u0926\u0947\u0916 \u0915\u0930 \u092b\u091f\u0940 \u0930\u0939 \u0917\u0908\u0902 \u0906\u0902\u0916\u0947\u0902.... https://t.co/MGteAIsTl3 https://t.co/zPIgbt7Ltp

2022-10-05 16:05:17 Produced message on topic twitter-streaming with value of Amazon\u306a\u3069\u3067\u4e88\u7d04\u53d7\u4ed8\u4e2d\u266a
\u30cf\u30c3\u30d4\u30fc\u3067\u30ad\u30e5\u30fc\u30c8\u306a\u30d0\u30eb\u30fc\u30f3\u306e\u3088\u3046\u306a\u306c\u3044\u3050\u308b\u307f\u3067\u3059\u3002
\u3010\u6771\u30ea\u30d9\u3011\u6771\u4eac\u30ea\u30d9\u30f3\u30b8\u30e3\u30fc\u30ba \u30dc\u30fc\u30eb\u30c1\u30a7\u30fc\u30f3\u4ed8\u304d \u30d0\u30eb\u30fc\u30f3\u30de\u30b9\u30b3\u30c3\u30c8\u306c\u3044\u3050\u308b\u307f
(10/05 18:05:09)
https://t.co/mrwOHFhRvY

2022-10-05 16:05:27 Produced message on topic twitter-streaming with value of \U0001f680  "There is one thing even more vital to science than intelligent methods and that is, the sincere desire to find out the truth, whatever it may be."
Charles Pierce
 #truth 
#quotes #python #pytwts ref : QuoteGarden

2022-10-05 16:05:39 Produced message on topic twitter-streaming with value of DOGECOIN PRICE PREDICTION

PRICE : RISE\u2934 in 60 min.
BUY 46,500.0 DOGE for $0.0645 apiece on Binance
Target price : $0.0657
Amount: $2,972

#Dogecoin #DOGE #Python #Binance
https://t.co/gC32Ueifoo https://t.co/LNzgRts94k

2022-10-05 16:05:43 Produced message on topic twitter-streaming with value of any comp! yang jago coding pake r studio dan avail malem ini/besok/malem ini sampe besok? no other criteria… just… hiks \U0001f972

2022-10-05 16:05:45 Produced message on topic twitter-streaming with value of Chuck Norris insists on strongly-typed programming languages.

2022-10-05 16:05:53 Produced message on topic twitter-streaming with value of To truly appreciate the fact that how easy javascript is you need to work on other languages, like java or python.

2022-10-05 16:05:55 Produced message on topic twitter-streaming with value of God!" I internal programming. Man is adept at defending ourselves against those with low
An empire there isn't \u06d2\u2066\u0646\u0648\u0646\u2069- . The only loss    \u0643\u0337\u0648\u0337\u062f\u0336\u2069 \u2066\u0338\u062e\u0337\u0635\u0338\u0645\u0334\u2069  .   is the best part https://t.co/wdXjt333fD

