[2022-09-22 16:12:54,384] {taskinstance.py:1032} INFO - Dependencies all met for <TaskInstance: xcom_dag.training_model_A manual__2022-09-22T16:12:19.689338+00:00 [queued]>
[2022-09-22 16:12:54,393] {taskinstance.py:1032} INFO - Dependencies all met for <TaskInstance: xcom_dag.training_model_A manual__2022-09-22T16:12:19.689338+00:00 [queued]>
[2022-09-22 16:12:54,393] {taskinstance.py:1238} INFO - 
--------------------------------------------------------------------------------
[2022-09-22 16:12:54,393] {taskinstance.py:1239} INFO - Starting attempt 1 of 1
[2022-09-22 16:12:54,394] {taskinstance.py:1240} INFO - 
--------------------------------------------------------------------------------
[2022-09-22 16:12:54,405] {taskinstance.py:1259} INFO - Executing <Task(PythonOperator): training_model_A> on 2022-09-22 16:12:19.689338+00:00
[2022-09-22 16:12:54,410] {standard_task_runner.py:52} INFO - Started process 123 to run task
[2022-09-22 16:12:54,412] {standard_task_runner.py:76} INFO - Running: ['***', 'tasks', 'run', 'xcom_dag', 'training_model_A', 'manual__2022-09-22T16:12:19.689338+00:00', '--job-id', '37', '--raw', '--subdir', 'DAGS_FOLDER/xcom_tester.py', '--cfg-path', '/tmp/tmpnpzhnsmi', '--error-file', '/tmp/tmprkrarpv9']
[2022-09-22 16:12:54,413] {standard_task_runner.py:77} INFO - Job 37: Subtask training_model_A
[2022-09-22 16:12:54,465] {logging_mixin.py:109} INFO - Running <TaskInstance: xcom_dag.training_model_A manual__2022-09-22T16:12:19.689338+00:00 [running]> on host 9ab9fcef6297
[2022-09-22 16:12:54,516] {taskinstance.py:1426} INFO - Exporting the following env vars:
AIRFLOW_CTX_DAG_OWNER=***
AIRFLOW_CTX_DAG_ID=xcom_dag
AIRFLOW_CTX_TASK_ID=training_model_A
AIRFLOW_CTX_EXECUTION_DATE=2022-09-22T16:12:19.689338+00:00
AIRFLOW_CTX_DAG_RUN_ID=manual__2022-09-22T16:12:19.689338+00:00
[2022-09-22 16:12:54,518] {logging_mixin.py:109} INFO - model's accuracy: 2.111178637259581
[2022-09-22 16:12:54,527] {python.py:175} INFO - Done. Returned value was: None
[2022-09-22 16:12:54,536] {taskinstance.py:1277} INFO - Marking task as SUCCESS. dag_id=xcom_dag, task_id=training_model_A, execution_date=20220922T161219, start_date=20220922T161254, end_date=20220922T161254
[2022-09-22 16:12:54,584] {local_task_job.py:154} INFO - Task exited with return code 0
[2022-09-22 16:12:54,612] {local_task_job.py:264} INFO - 0 downstream tasks scheduled from follow-on schedule check
