[2022-09-23 06:02:17,027] {taskinstance.py:1032} INFO - Dependencies all met for <TaskInstance: xcom_dag.training_model_B scheduled__2022-09-22T00:00:00+00:00 [queued]>
[2022-09-23 06:02:17,035] {taskinstance.py:1032} INFO - Dependencies all met for <TaskInstance: xcom_dag.training_model_B scheduled__2022-09-22T00:00:00+00:00 [queued]>
[2022-09-23 06:02:17,036] {taskinstance.py:1238} INFO - 
--------------------------------------------------------------------------------
[2022-09-23 06:02:17,036] {taskinstance.py:1239} INFO - Starting attempt 1 of 1
[2022-09-23 06:02:17,036] {taskinstance.py:1240} INFO - 
--------------------------------------------------------------------------------
[2022-09-23 06:02:17,043] {taskinstance.py:1259} INFO - Executing <Task(PythonOperator): training_model_B> on 2022-09-22 00:00:00+00:00
[2022-09-23 06:02:17,047] {standard_task_runner.py:52} INFO - Started process 73 to run task
[2022-09-23 06:02:17,048] {standard_task_runner.py:76} INFO - Running: ['***', 'tasks', 'run', 'xcom_dag', 'training_model_B', 'scheduled__2022-09-22T00:00:00+00:00', '--job-id', '43', '--raw', '--subdir', 'DAGS_FOLDER/xcom_tester.py', '--cfg-path', '/tmp/tmpqh60uz5u', '--error-file', '/tmp/tmpcs2a0tes']
[2022-09-23 06:02:17,049] {standard_task_runner.py:77} INFO - Job 43: Subtask training_model_B
[2022-09-23 06:02:17,092] {logging_mixin.py:109} INFO - Running <TaskInstance: xcom_dag.training_model_B scheduled__2022-09-22T00:00:00+00:00 [running]> on host 9ab9fcef6297
[2022-09-23 06:02:17,133] {taskinstance.py:1426} INFO - Exporting the following env vars:
AIRFLOW_CTX_DAG_OWNER=***
AIRFLOW_CTX_DAG_ID=xcom_dag
AIRFLOW_CTX_TASK_ID=training_model_B
AIRFLOW_CTX_EXECUTION_DATE=2022-09-22T00:00:00+00:00
AIRFLOW_CTX_DAG_RUN_ID=scheduled__2022-09-22T00:00:00+00:00
[2022-09-23 06:02:17,134] {logging_mixin.py:109} INFO - model's accuracy: 2.353280206733586
[2022-09-23 06:02:17,141] {python.py:175} INFO - Done. Returned value was: None
[2022-09-23 06:02:17,148] {taskinstance.py:1277} INFO - Marking task as SUCCESS. dag_id=xcom_dag, task_id=training_model_B, execution_date=20220922T000000, start_date=20220923T060217, end_date=20220923T060217
[2022-09-23 06:02:17,181] {local_task_job.py:154} INFO - Task exited with return code 0
[2022-09-23 06:02:17,205] {local_task_job.py:264} INFO - 0 downstream tasks scheduled from follow-on schedule check
