[2022-09-22 16:12:23,328] {taskinstance.py:1032} INFO - Dependencies all met for <TaskInstance: xcom_dag.training_model_B scheduled__2022-09-21T00:00:00+00:00 [queued]>
[2022-09-22 16:12:23,344] {taskinstance.py:1032} INFO - Dependencies all met for <TaskInstance: xcom_dag.training_model_B scheduled__2022-09-21T00:00:00+00:00 [queued]>
[2022-09-22 16:12:23,348] {taskinstance.py:1238} INFO - 
--------------------------------------------------------------------------------
[2022-09-22 16:12:23,348] {taskinstance.py:1239} INFO - Starting attempt 1 of 1
[2022-09-22 16:12:23,348] {taskinstance.py:1240} INFO - 
--------------------------------------------------------------------------------
[2022-09-22 16:12:23,418] {taskinstance.py:1259} INFO - Executing <Task(PythonOperator): training_model_B> on 2022-09-21 00:00:00+00:00
[2022-09-22 16:12:23,423] {standard_task_runner.py:52} INFO - Started process 112 to run task
[2022-09-22 16:12:23,425] {standard_task_runner.py:76} INFO - Running: ['***', 'tasks', 'run', 'xcom_dag', 'training_model_B', 'scheduled__2022-09-21T00:00:00+00:00', '--job-id', '31', '--raw', '--subdir', 'DAGS_FOLDER/xcom_tester.py', '--cfg-path', '/tmp/tmpm_a1t_wl', '--error-file', '/tmp/tmp435fcame']
[2022-09-22 16:12:23,426] {standard_task_runner.py:77} INFO - Job 31: Subtask training_model_B
[2022-09-22 16:12:23,499] {logging_mixin.py:109} INFO - Running <TaskInstance: xcom_dag.training_model_B scheduled__2022-09-21T00:00:00+00:00 [running]> on host 9ab9fcef6297
[2022-09-22 16:12:37,279] {taskinstance.py:1426} INFO - Exporting the following env vars:
AIRFLOW_CTX_DAG_OWNER=***
AIRFLOW_CTX_DAG_ID=xcom_dag
AIRFLOW_CTX_TASK_ID=training_model_B
AIRFLOW_CTX_EXECUTION_DATE=2022-09-21T00:00:00+00:00
AIRFLOW_CTX_DAG_RUN_ID=scheduled__2022-09-21T00:00:00+00:00
[2022-09-22 16:12:37,280] {logging_mixin.py:109} INFO - model's accuracy: 4.00625205082416
[2022-09-22 16:12:37,296] {python.py:175} INFO - Done. Returned value was: None
[2022-09-22 16:12:39,194] {taskinstance.py:1277} INFO - Marking task as SUCCESS. dag_id=xcom_dag, task_id=training_model_B, execution_date=20220921T000000, start_date=20220922T161223, end_date=20220922T161239
[2022-09-22 16:12:40,638] {local_task_job.py:154} INFO - Task exited with return code 0
[2022-09-22 16:12:41,250] {local_task_job.py:264} INFO - 0 downstream tasks scheduled from follow-on schedule check
