[2022-09-22 16:12:37,299] {taskinstance.py:1032} INFO - Dependencies all met for <TaskInstance: xcom_dag.downloading_data manual__2022-09-22T16:12:19.689338+00:00 [queued]>
[2022-09-22 16:12:37,519] {taskinstance.py:1032} INFO - Dependencies all met for <TaskInstance: xcom_dag.downloading_data manual__2022-09-22T16:12:19.689338+00:00 [queued]>
[2022-09-22 16:12:37,520] {taskinstance.py:1238} INFO - 
--------------------------------------------------------------------------------
[2022-09-22 16:12:37,520] {taskinstance.py:1239} INFO - Starting attempt 1 of 1
[2022-09-22 16:12:37,520] {taskinstance.py:1240} INFO - 
--------------------------------------------------------------------------------
[2022-09-22 16:12:39,195] {taskinstance.py:1259} INFO - Executing <Task(BashOperator): downloading_data> on 2022-09-22 16:12:19.689338+00:00
[2022-09-22 16:12:39,199] {standard_task_runner.py:52} INFO - Started process 114 to run task
[2022-09-22 16:12:39,830] {standard_task_runner.py:76} INFO - Running: ['***', 'tasks', 'run', 'xcom_dag', 'downloading_data', 'manual__2022-09-22T16:12:19.689338+00:00', '--job-id', '33', '--raw', '--subdir', 'DAGS_FOLDER/xcom_tester.py', '--cfg-path', '/tmp/tmpkxzqc2u_', '--error-file', '/tmp/tmpekrq9vmk']
[2022-09-22 16:12:39,830] {standard_task_runner.py:77} INFO - Job 33: Subtask downloading_data
[2022-09-22 16:12:40,648] {logging_mixin.py:109} INFO - Running <TaskInstance: xcom_dag.downloading_data manual__2022-09-22T16:12:19.689338+00:00 [running]> on host 9ab9fcef6297
[2022-09-22 16:12:42,383] {taskinstance.py:1426} INFO - Exporting the following env vars:
AIRFLOW_CTX_DAG_OWNER=***
AIRFLOW_CTX_DAG_ID=xcom_dag
AIRFLOW_CTX_TASK_ID=downloading_data
AIRFLOW_CTX_EXECUTION_DATE=2022-09-22T16:12:19.689338+00:00
AIRFLOW_CTX_DAG_RUN_ID=manual__2022-09-22T16:12:19.689338+00:00
[2022-09-22 16:12:42,384] {subprocess.py:62} INFO - Tmp dir root location: 
 /tmp
[2022-09-22 16:12:42,386] {subprocess.py:74} INFO - Running command: ['bash', '-c', 'sleep 3']
[2022-09-22 16:12:42,395] {subprocess.py:85} INFO - Output:
[2022-09-22 16:12:45,398] {subprocess.py:93} INFO - Command exited with return code 0
[2022-09-22 16:12:50,111] {taskinstance.py:1277} INFO - Marking task as SUCCESS. dag_id=xcom_dag, task_id=downloading_data, execution_date=20220922T161219, start_date=20220922T161237, end_date=20220922T161250
[2022-09-22 16:12:50,309] {local_task_job.py:154} INFO - Task exited with return code 0
[2022-09-22 16:12:50,454] {local_task_job.py:264} INFO - 0 downstream tasks scheduled from follow-on schedule check
