[2022-09-22 16:13:08,203] {taskinstance.py:1032} INFO - Dependencies all met for <TaskInstance: xcom_dag.choose_model manual__2022-09-22T16:12:19.689338+00:00 [queued]>
[2022-09-22 16:13:08,208] {taskinstance.py:1032} INFO - Dependencies all met for <TaskInstance: xcom_dag.choose_model manual__2022-09-22T16:12:19.689338+00:00 [queued]>
[2022-09-22 16:13:08,208] {taskinstance.py:1238} INFO - 
--------------------------------------------------------------------------------
[2022-09-22 16:13:08,209] {taskinstance.py:1239} INFO - Starting attempt 1 of 1
[2022-09-22 16:13:08,209] {taskinstance.py:1240} INFO - 
--------------------------------------------------------------------------------
[2022-09-22 16:13:08,216] {taskinstance.py:1259} INFO - Executing <Task(PythonOperator): choose_model> on 2022-09-22 16:12:19.689338+00:00
[2022-09-22 16:13:08,218] {standard_task_runner.py:52} INFO - Started process 125 to run task
[2022-09-22 16:13:08,219] {standard_task_runner.py:76} INFO - Running: ['***', 'tasks', 'run', 'xcom_dag', 'choose_model', 'manual__2022-09-22T16:12:19.689338+00:00', '--job-id', '38', '--raw', '--subdir', 'DAGS_FOLDER/xcom_tester.py', '--cfg-path', '/tmp/tmpgtzu4xyd', '--error-file', '/tmp/tmpzbnwqg05']
[2022-09-22 16:13:08,220] {standard_task_runner.py:77} INFO - Job 38: Subtask choose_model
[2022-09-22 16:13:08,249] {logging_mixin.py:109} INFO - Running <TaskInstance: xcom_dag.choose_model manual__2022-09-22T16:12:19.689338+00:00 [running]> on host 9ab9fcef6297
[2022-09-22 16:13:08,278] {taskinstance.py:1426} INFO - Exporting the following env vars:
AIRFLOW_CTX_DAG_OWNER=***
AIRFLOW_CTX_DAG_ID=xcom_dag
AIRFLOW_CTX_TASK_ID=choose_model
AIRFLOW_CTX_EXECUTION_DATE=2022-09-22T16:12:19.689338+00:00
AIRFLOW_CTX_DAG_RUN_ID=manual__2022-09-22T16:12:19.689338+00:00
[2022-09-22 16:13:08,279] {logging_mixin.py:109} INFO - choose best model
[2022-09-22 16:13:08,284] {logging_mixin.py:109} INFO - [2.111178637259581, 7.238390756167382, 2.393683714606202]
[2022-09-22 16:13:08,284] {python.py:175} INFO - Done. Returned value was: None
[2022-09-22 16:13:08,291] {taskinstance.py:1277} INFO - Marking task as SUCCESS. dag_id=xcom_dag, task_id=choose_model, execution_date=20220922T161219, start_date=20220922T161308, end_date=20220922T161308
[2022-09-22 16:13:08,311] {local_task_job.py:154} INFO - Task exited with return code 0
[2022-09-22 16:13:08,329] {local_task_job.py:264} INFO - 0 downstream tasks scheduled from follow-on schedule check
