[2022-09-22 16:12:50,488] {taskinstance.py:1032} INFO - Dependencies all met for <TaskInstance: xcom_dag.choose_model scheduled__2022-09-21T00:00:00+00:00 [queued]>
[2022-09-22 16:12:50,500] {taskinstance.py:1032} INFO - Dependencies all met for <TaskInstance: xcom_dag.choose_model scheduled__2022-09-21T00:00:00+00:00 [queued]>
[2022-09-22 16:12:50,500] {taskinstance.py:1238} INFO - 
--------------------------------------------------------------------------------
[2022-09-22 16:12:50,501] {taskinstance.py:1239} INFO - Starting attempt 1 of 1
[2022-09-22 16:12:50,503] {taskinstance.py:1240} INFO - 
--------------------------------------------------------------------------------
[2022-09-22 16:12:50,541] {taskinstance.py:1259} INFO - Executing <Task(PythonOperator): choose_model> on 2022-09-21 00:00:00+00:00
[2022-09-22 16:12:50,549] {standard_task_runner.py:52} INFO - Started process 119 to run task
[2022-09-22 16:12:50,551] {standard_task_runner.py:76} INFO - Running: ['***', 'tasks', 'run', 'xcom_dag', 'choose_model', 'scheduled__2022-09-21T00:00:00+00:00', '--job-id', '34', '--raw', '--subdir', 'DAGS_FOLDER/xcom_tester.py', '--cfg-path', '/tmp/tmpi64k9v69', '--error-file', '/tmp/tmp50cu9mfa']
[2022-09-22 16:12:50,554] {standard_task_runner.py:77} INFO - Job 34: Subtask choose_model
[2022-09-22 16:12:50,616] {logging_mixin.py:109} INFO - Running <TaskInstance: xcom_dag.choose_model scheduled__2022-09-21T00:00:00+00:00 [running]> on host 9ab9fcef6297
[2022-09-22 16:12:50,670] {taskinstance.py:1426} INFO - Exporting the following env vars:
AIRFLOW_CTX_DAG_OWNER=***
AIRFLOW_CTX_DAG_ID=xcom_dag
AIRFLOW_CTX_TASK_ID=choose_model
AIRFLOW_CTX_EXECUTION_DATE=2022-09-21T00:00:00+00:00
AIRFLOW_CTX_DAG_RUN_ID=scheduled__2022-09-21T00:00:00+00:00
[2022-09-22 16:12:50,671] {logging_mixin.py:109} INFO - choose best model
[2022-09-22 16:12:50,677] {logging_mixin.py:109} INFO - [3.368606374720172, 4.00625205082416, 9.455247296759687]
[2022-09-22 16:12:50,677] {python.py:175} INFO - Done. Returned value was: None
[2022-09-22 16:12:50,711] {taskinstance.py:1277} INFO - Marking task as SUCCESS. dag_id=xcom_dag, task_id=choose_model, execution_date=20220921T000000, start_date=20220922T161250, end_date=20220922T161250
[2022-09-22 16:12:50,768] {local_task_job.py:154} INFO - Task exited with return code 0
[2022-09-22 16:12:53,825] {local_task_job.py:264} INFO - 0 downstream tasks scheduled from follow-on schedule check
