[2022-09-22 08:49:59,083] {taskinstance.py:1032} INFO - Dependencies all met for <TaskInstance: data_ingestion_gcs_dag_customized.download_dataset_task scheduled__2022-09-21T00:00:00+00:00 [queued]>
[2022-09-22 08:49:59,089] {taskinstance.py:1032} INFO - Dependencies all met for <TaskInstance: data_ingestion_gcs_dag_customized.download_dataset_task scheduled__2022-09-21T00:00:00+00:00 [queued]>
[2022-09-22 08:49:59,089] {taskinstance.py:1238} INFO - 
--------------------------------------------------------------------------------
[2022-09-22 08:49:59,089] {taskinstance.py:1239} INFO - Starting attempt 1 of 2
[2022-09-22 08:49:59,089] {taskinstance.py:1240} INFO - 
--------------------------------------------------------------------------------
[2022-09-22 08:49:59,098] {taskinstance.py:1259} INFO - Executing <Task(BashOperator): download_dataset_task> on 2022-09-21 00:00:00+00:00
[2022-09-22 08:49:59,101] {standard_task_runner.py:52} INFO - Started process 78 to run task
[2022-09-22 08:49:59,105] {standard_task_runner.py:76} INFO - Running: ['***', 'tasks', 'run', 'data_ingestion_gcs_dag_customized', 'download_dataset_task', 'scheduled__2022-09-21T00:00:00+00:00', '--job-id', '15', '--raw', '--subdir', 'DAGS_FOLDER/data_ingestion_gcs_dag_customized.py', '--cfg-path', '/tmp/tmpwad3ayhk', '--error-file', '/tmp/tmp_dvy4z9d']
[2022-09-22 08:49:59,106] {standard_task_runner.py:77} INFO - Job 15: Subtask download_dataset_task
[2022-09-22 08:49:59,135] {logging_mixin.py:109} INFO - Running <TaskInstance: data_ingestion_gcs_dag_customized.download_dataset_task scheduled__2022-09-21T00:00:00+00:00 [running]> on host 9ab9fcef6297
[2022-09-22 08:49:59,162] {taskinstance.py:1426} INFO - Exporting the following env vars:
AIRFLOW_CTX_DAG_OWNER=***
AIRFLOW_CTX_DAG_ID=data_ingestion_gcs_dag_customized
AIRFLOW_CTX_TASK_ID=download_dataset_task
AIRFLOW_CTX_EXECUTION_DATE=2022-09-21T00:00:00+00:00
AIRFLOW_CTX_DAG_RUN_ID=scheduled__2022-09-21T00:00:00+00:00
[2022-09-22 08:49:59,162] {subprocess.py:62} INFO - Tmp dir root location: 
 /tmp
[2022-09-22 08:49:59,163] {subprocess.py:74} INFO - Running command: ['bash', '-c', 'curl -sSL https://people.sc.fsu.edu/~jburkardt/data/csv//airtravel.csv > /opt/***//airtravel.csv']
[2022-09-22 08:49:59,169] {subprocess.py:85} INFO - Output:
[2022-09-22 08:50:01,435] {subprocess.py:93} INFO - Command exited with return code 0
[2022-09-22 08:50:01,451] {taskinstance.py:1277} INFO - Marking task as SUCCESS. dag_id=data_ingestion_gcs_dag_customized, task_id=download_dataset_task, execution_date=20220921T000000, start_date=20220922T084959, end_date=20220922T085001
[2022-09-22 08:50:01,484] {local_task_job.py:154} INFO - Task exited with return code 0
[2022-09-22 08:50:01,507] {local_task_job.py:264} INFO - 1 downstream tasks scheduled from follow-on schedule check
