[2022-09-22 09:00:14,395] {taskinstance.py:1032} INFO - Dependencies all met for <TaskInstance: data_ingestion_gcs_dag_customized.format_to_parquet_task manual__2022-09-22T09:00:10.619280+00:00 [queued]>
[2022-09-22 09:00:14,400] {taskinstance.py:1032} INFO - Dependencies all met for <TaskInstance: data_ingestion_gcs_dag_customized.format_to_parquet_task manual__2022-09-22T09:00:10.619280+00:00 [queued]>
[2022-09-22 09:00:14,400] {taskinstance.py:1238} INFO - 
--------------------------------------------------------------------------------
[2022-09-22 09:00:14,400] {taskinstance.py:1239} INFO - Starting attempt 1 of 2
[2022-09-22 09:00:14,401] {taskinstance.py:1240} INFO - 
--------------------------------------------------------------------------------
[2022-09-22 09:00:14,407] {taskinstance.py:1259} INFO - Executing <Task(PythonOperator): format_to_parquet_task> on 2022-09-22 09:00:10.619280+00:00
[2022-09-22 09:00:14,410] {standard_task_runner.py:52} INFO - Started process 112 to run task
[2022-09-22 09:00:14,411] {standard_task_runner.py:76} INFO - Running: ['***', 'tasks', 'run', 'data_ingestion_gcs_dag_customized', 'format_to_parquet_task', 'manual__2022-09-22T09:00:10.619280+00:00', '--job-id', '25', '--raw', '--subdir', 'DAGS_FOLDER/data_ingestion_gcs_dag_customized.py', '--cfg-path', '/tmp/tmpyppheclj', '--error-file', '/tmp/tmphpgs3f1q']
[2022-09-22 09:00:14,412] {standard_task_runner.py:77} INFO - Job 25: Subtask format_to_parquet_task
[2022-09-22 09:00:14,440] {logging_mixin.py:109} INFO - Running <TaskInstance: data_ingestion_gcs_dag_customized.format_to_parquet_task manual__2022-09-22T09:00:10.619280+00:00 [running]> on host 9ab9fcef6297
[2022-09-22 09:00:14,468] {taskinstance.py:1426} INFO - Exporting the following env vars:
AIRFLOW_CTX_DAG_OWNER=***
AIRFLOW_CTX_DAG_ID=data_ingestion_gcs_dag_customized
AIRFLOW_CTX_TASK_ID=format_to_parquet_task
AIRFLOW_CTX_EXECUTION_DATE=2022-09-22T09:00:10.619280+00:00
AIRFLOW_CTX_DAG_RUN_ID=manual__2022-09-22T09:00:10.619280+00:00
[2022-09-22 09:00:14,543] {python.py:175} INFO - Done. Returned value was: None
[2022-09-22 09:00:14,550] {taskinstance.py:1277} INFO - Marking task as SUCCESS. dag_id=data_ingestion_gcs_dag_customized, task_id=format_to_parquet_task, execution_date=20220922T090010, start_date=20220922T090014, end_date=20220922T090014
[2022-09-22 09:00:14,584] {local_task_job.py:154} INFO - Task exited with return code 0
[2022-09-22 09:00:14,603] {local_task_job.py:264} INFO - 1 downstream tasks scheduled from follow-on schedule check
