[2022-09-23 06:02:17,049] {taskinstance.py:1032} INFO - Dependencies all met for <TaskInstance: xcom_dag.training_model_C scheduled__2022-09-22T00:00:00+00:00 [queued]>
[2022-09-23 06:02:17,057] {taskinstance.py:1032} INFO - Dependencies all met for <TaskInstance: xcom_dag.training_model_C scheduled__2022-09-22T00:00:00+00:00 [queued]>
[2022-09-23 06:02:17,058] {taskinstance.py:1238} INFO - 
--------------------------------------------------------------------------------
[2022-09-23 06:02:17,058] {taskinstance.py:1239} INFO - Starting attempt 1 of 1
[2022-09-23 06:02:17,058] {taskinstance.py:1240} INFO - 
--------------------------------------------------------------------------------
[2022-09-23 06:02:17,067] {taskinstance.py:1259} INFO - Executing <Task(PythonOperator): training_model_C> on 2022-09-22 00:00:00+00:00
[2022-09-23 06:02:17,070] {standard_task_runner.py:52} INFO - Started process 74 to run task
[2022-09-23 06:02:17,072] {standard_task_runner.py:76} INFO - Running: ['***', 'tasks', 'run', 'xcom_dag', 'training_model_C', 'scheduled__2022-09-22T00:00:00+00:00', '--job-id', '44', '--raw', '--subdir', 'DAGS_FOLDER/xcom_tester.py', '--cfg-path', '/tmp/tmp0ivsis5m', '--error-file', '/tmp/tmpdsjzczft']
[2022-09-23 06:02:17,072] {standard_task_runner.py:77} INFO - Job 44: Subtask training_model_C
[2022-09-23 06:02:17,117] {logging_mixin.py:109} INFO - Running <TaskInstance: xcom_dag.training_model_C scheduled__2022-09-22T00:00:00+00:00 [running]> on host 9ab9fcef6297
[2022-09-23 06:02:17,152] {taskinstance.py:1426} INFO - Exporting the following env vars:
AIRFLOW_CTX_DAG_OWNER=***
AIRFLOW_CTX_DAG_ID=xcom_dag
AIRFLOW_CTX_TASK_ID=training_model_C
AIRFLOW_CTX_EXECUTION_DATE=2022-09-22T00:00:00+00:00
AIRFLOW_CTX_DAG_RUN_ID=scheduled__2022-09-22T00:00:00+00:00
[2022-09-23 06:02:17,153] {logging_mixin.py:109} INFO - model's accuracy: 0.8973404497365142
[2022-09-23 06:02:17,159] {python.py:175} INFO - Done. Returned value was: None
[2022-09-23 06:02:17,166] {taskinstance.py:1277} INFO - Marking task as SUCCESS. dag_id=xcom_dag, task_id=training_model_C, execution_date=20220922T000000, start_date=20220923T060217, end_date=20220923T060217
[2022-09-23 06:02:17,204] {local_task_job.py:154} INFO - Task exited with return code 0
[2022-09-23 06:02:17,226] {local_task_job.py:264} INFO - 0 downstream tasks scheduled from follow-on schedule check
