[2022-09-23 14:15:55,318] {taskinstance.py:1032} INFO - Dependencies all met for <TaskInstance: iykra_dag.process_data scheduled__2022-09-22T00:00:00+00:00 [queued]>
[2022-09-23 14:15:55,323] {taskinstance.py:1032} INFO - Dependencies all met for <TaskInstance: iykra_dag.process_data scheduled__2022-09-22T00:00:00+00:00 [queued]>
[2022-09-23 14:15:55,324] {taskinstance.py:1238} INFO - 
--------------------------------------------------------------------------------
[2022-09-23 14:15:55,324] {taskinstance.py:1239} INFO - Starting attempt 1 of 1
[2022-09-23 14:15:55,324] {taskinstance.py:1240} INFO - 
--------------------------------------------------------------------------------
[2022-09-23 14:15:55,330] {taskinstance.py:1259} INFO - Executing <Task(PythonOperator): process_data> on 2022-09-22 00:00:00+00:00
[2022-09-23 14:15:55,333] {standard_task_runner.py:52} INFO - Started process 160 to run task
[2022-09-23 14:15:55,334] {standard_task_runner.py:76} INFO - Running: ['***', 'tasks', 'run', 'iykra_dag', 'process_data', 'scheduled__2022-09-22T00:00:00+00:00', '--job-id', '54', '--raw', '--subdir', 'DAGS_FOLDER/pushpull_iykra.py', '--cfg-path', '/tmp/tmp3pf2cdd4', '--error-file', '/tmp/tmpx_yr3646']
[2022-09-23 14:15:55,334] {standard_task_runner.py:77} INFO - Job 54: Subtask process_data
[2022-09-23 14:15:55,359] {logging_mixin.py:109} INFO - Running <TaskInstance: iykra_dag.process_data scheduled__2022-09-22T00:00:00+00:00 [running]> on host 9ab9fcef6297
[2022-09-23 14:15:55,381] {taskinstance.py:1426} INFO - Exporting the following env vars:
AIRFLOW_CTX_DAG_OWNER=***
AIRFLOW_CTX_DAG_ID=iykra_dag
AIRFLOW_CTX_TASK_ID=process_data
AIRFLOW_CTX_EXECUTION_DATE=2022-09-22T00:00:00+00:00
AIRFLOW_CTX_DAG_RUN_ID=scheduled__2022-09-22T00:00:00+00:00
[2022-09-23 14:15:55,385] {pushpull_iykra.py:20} INFO - {'usd': 1282.34, 'usd_market_cap': 154409858906.3171, 'usd_24h_vol': 17348503905.359344, 'usd_24h_change': 0.4423683488703677, 'last_updated_at': 1663942484}
[2022-09-23 14:15:55,390] {python.py:175} INFO - Done. Returned value was: None
[2022-09-23 14:15:55,396] {taskinstance.py:1277} INFO - Marking task as SUCCESS. dag_id=iykra_dag, task_id=process_data, execution_date=20220922T000000, start_date=20220923T141555, end_date=20220923T141555
[2022-09-23 14:15:55,426] {local_task_job.py:154} INFO - Task exited with return code 0
[2022-09-23 14:15:55,443] {local_task_job.py:264} INFO - 1 downstream tasks scheduled from follow-on schedule check
