[2022-09-22 08:27:10,022] {taskinstance.py:1032} INFO - Dependencies all met for <TaskInstance: data_ingestion_gcs_dag.format_to_parquet_task manual__2022-09-22T08:27:06.592180+00:00 [queued]>
[2022-09-22 08:27:10,028] {taskinstance.py:1032} INFO - Dependencies all met for <TaskInstance: data_ingestion_gcs_dag.format_to_parquet_task manual__2022-09-22T08:27:06.592180+00:00 [queued]>
[2022-09-22 08:27:10,028] {taskinstance.py:1238} INFO - 
--------------------------------------------------------------------------------
[2022-09-22 08:27:10,028] {taskinstance.py:1239} INFO - Starting attempt 1 of 2
[2022-09-22 08:27:10,028] {taskinstance.py:1240} INFO - 
--------------------------------------------------------------------------------
[2022-09-22 08:27:10,035] {taskinstance.py:1259} INFO - Executing <Task(PythonOperator): format_to_parquet_task> on 2022-09-22 08:27:06.592180+00:00
[2022-09-22 08:27:10,038] {standard_task_runner.py:52} INFO - Started process 3287 to run task
[2022-09-22 08:27:10,040] {standard_task_runner.py:76} INFO - Running: ['***', 'tasks', 'run', 'data_ingestion_gcs_dag', 'format_to_parquet_task', 'manual__2022-09-22T08:27:06.592180+00:00', '--job-id', '8', '--raw', '--subdir', 'DAGS_FOLDER/data_ingestion_gcs_dag.py', '--cfg-path', '/tmp/tmp064jgx6i', '--error-file', '/tmp/tmpi6mw0d9y']
[2022-09-22 08:27:10,041] {standard_task_runner.py:77} INFO - Job 8: Subtask format_to_parquet_task
[2022-09-22 08:27:10,068] {logging_mixin.py:109} INFO - Running <TaskInstance: data_ingestion_gcs_dag.format_to_parquet_task manual__2022-09-22T08:27:06.592180+00:00 [running]> on host 9ab9fcef6297
[2022-09-22 08:27:10,095] {taskinstance.py:1426} INFO - Exporting the following env vars:
AIRFLOW_CTX_DAG_OWNER=***
AIRFLOW_CTX_DAG_ID=data_ingestion_gcs_dag
AIRFLOW_CTX_TASK_ID=format_to_parquet_task
AIRFLOW_CTX_EXECUTION_DATE=2022-09-22T08:27:06.592180+00:00
AIRFLOW_CTX_DAG_RUN_ID=manual__2022-09-22T08:27:06.592180+00:00
[2022-09-22 08:27:10,180] {python.py:175} INFO - Done. Returned value was: None
[2022-09-22 08:27:10,188] {taskinstance.py:1277} INFO - Marking task as SUCCESS. dag_id=data_ingestion_gcs_dag, task_id=format_to_parquet_task, execution_date=20220922T082706, start_date=20220922T082710, end_date=20220922T082710
[2022-09-22 08:27:10,212] {local_task_job.py:154} INFO - Task exited with return code 0
[2022-09-22 08:27:10,232] {local_task_job.py:264} INFO - 1 downstream tasks scheduled from follow-on schedule check
