[2022-09-23 14:16:00,418] {taskinstance.py:1032} INFO - Dependencies all met for <TaskInstance: iykra_dag.store_data manual__2022-09-23T14:15:56.592920+00:00 [queued]>
[2022-09-23 14:16:00,424] {taskinstance.py:1032} INFO - Dependencies all met for <TaskInstance: iykra_dag.store_data manual__2022-09-23T14:15:56.592920+00:00 [queued]>
[2022-09-23 14:16:00,424] {taskinstance.py:1238} INFO - 
--------------------------------------------------------------------------------
[2022-09-23 14:16:00,424] {taskinstance.py:1239} INFO - Starting attempt 1 of 1
[2022-09-23 14:16:00,425] {taskinstance.py:1240} INFO - 
--------------------------------------------------------------------------------
[2022-09-23 14:16:00,432] {taskinstance.py:1259} INFO - Executing <Task(PythonOperator): store_data> on 2022-09-23 14:15:56.592920+00:00
[2022-09-23 14:16:00,435] {standard_task_runner.py:52} INFO - Started process 177 to run task
[2022-09-23 14:16:00,437] {standard_task_runner.py:76} INFO - Running: ['***', 'tasks', 'run', 'iykra_dag', 'store_data', 'manual__2022-09-23T14:15:56.592920+00:00', '--job-id', '58', '--raw', '--subdir', 'DAGS_FOLDER/pushpull_iykra.py', '--cfg-path', '/tmp/tmppgynm7hr', '--error-file', '/tmp/tmpulnok4r2']
[2022-09-23 14:16:00,437] {standard_task_runner.py:77} INFO - Job 58: Subtask store_data
[2022-09-23 14:16:00,467] {logging_mixin.py:109} INFO - Running <TaskInstance: iykra_dag.store_data manual__2022-09-23T14:15:56.592920+00:00 [running]> on host 9ab9fcef6297
[2022-09-23 14:16:00,497] {taskinstance.py:1426} INFO - Exporting the following env vars:
AIRFLOW_CTX_DAG_OWNER=***
AIRFLOW_CTX_DAG_ID=iykra_dag
AIRFLOW_CTX_TASK_ID=store_data
AIRFLOW_CTX_EXECUTION_DATE=2022-09-23T14:15:56.592920+00:00
AIRFLOW_CTX_DAG_RUN_ID=manual__2022-09-23T14:15:56.592920+00:00
[2022-09-23 14:16:00,502] {pushpull_iykra.py:27} INFO - Store: 1282.34 with change 0.4423683488703677
[2022-09-23 14:16:00,502] {python.py:175} INFO - Done. Returned value was: None
[2022-09-23 14:16:00,509] {taskinstance.py:1277} INFO - Marking task as SUCCESS. dag_id=iykra_dag, task_id=store_data, execution_date=20220923T141556, start_date=20220923T141600, end_date=20220923T141600
[2022-09-23 14:16:00,529] {local_task_job.py:154} INFO - Task exited with return code 0
[2022-09-23 14:16:00,548] {local_task_job.py:264} INFO - 0 downstream tasks scheduled from follow-on schedule check
