[2022-09-22 16:12:50,739] {taskinstance.py:1032} INFO - Dependencies all met for <TaskInstance: xcom_dag.training_model_C manual__2022-09-22T16:12:19.689338+00:00 [queued]>
[2022-09-22 16:12:50,747] {taskinstance.py:1032} INFO - Dependencies all met for <TaskInstance: xcom_dag.training_model_C manual__2022-09-22T16:12:19.689338+00:00 [queued]>
[2022-09-22 16:12:50,747] {taskinstance.py:1238} INFO - 
--------------------------------------------------------------------------------
[2022-09-22 16:12:50,747] {taskinstance.py:1239} INFO - Starting attempt 1 of 1
[2022-09-22 16:12:50,747] {taskinstance.py:1240} INFO - 
--------------------------------------------------------------------------------
[2022-09-22 16:12:50,756] {taskinstance.py:1259} INFO - Executing <Task(PythonOperator): training_model_C> on 2022-09-22 16:12:19.689338+00:00
[2022-09-22 16:12:50,758] {standard_task_runner.py:52} INFO - Started process 122 to run task
[2022-09-22 16:12:50,760] {standard_task_runner.py:76} INFO - Running: ['***', 'tasks', 'run', 'xcom_dag', 'training_model_C', 'manual__2022-09-22T16:12:19.689338+00:00', '--job-id', '36', '--raw', '--subdir', 'DAGS_FOLDER/xcom_tester.py', '--cfg-path', '/tmp/tmpjfxctghm', '--error-file', '/tmp/tmp_berzqjz']
[2022-09-22 16:12:50,761] {standard_task_runner.py:77} INFO - Job 36: Subtask training_model_C
[2022-09-22 16:12:54,661] {logging_mixin.py:109} INFO - Running <TaskInstance: xcom_dag.training_model_C manual__2022-09-22T16:12:19.689338+00:00 [running]> on host 9ab9fcef6297
[2022-09-22 16:12:54,706] {taskinstance.py:1426} INFO - Exporting the following env vars:
AIRFLOW_CTX_DAG_OWNER=***
AIRFLOW_CTX_DAG_ID=xcom_dag
AIRFLOW_CTX_TASK_ID=training_model_C
AIRFLOW_CTX_EXECUTION_DATE=2022-09-22T16:12:19.689338+00:00
AIRFLOW_CTX_DAG_RUN_ID=manual__2022-09-22T16:12:19.689338+00:00
[2022-09-22 16:12:54,707] {logging_mixin.py:109} INFO - model's accuracy: 2.393683714606202
[2022-09-22 16:12:54,716] {python.py:175} INFO - Done. Returned value was: None
[2022-09-22 16:12:54,725] {taskinstance.py:1277} INFO - Marking task as SUCCESS. dag_id=xcom_dag, task_id=training_model_C, execution_date=20220922T161219, start_date=20220922T161250, end_date=20220922T161254
[2022-09-22 16:12:54,751] {local_task_job.py:154} INFO - Task exited with return code 0
[2022-09-22 16:12:54,778] {local_task_job.py:264} INFO - 0 downstream tasks scheduled from follow-on schedule check
