[2022-09-22 08:59:39,729] {taskinstance.py:1032} INFO - Dependencies all met for <TaskInstance: data_ingestion_gcs_dag_customized.download_dataset_task manual__2022-09-22T08:50:03.662249+00:00 [queued]>
[2022-09-22 08:59:39,742] {taskinstance.py:1032} INFO - Dependencies all met for <TaskInstance: data_ingestion_gcs_dag_customized.download_dataset_task manual__2022-09-22T08:50:03.662249+00:00 [queued]>
[2022-09-22 08:59:39,743] {taskinstance.py:1238} INFO - 
--------------------------------------------------------------------------------
[2022-09-22 08:59:39,743] {taskinstance.py:1239} INFO - Starting attempt 1 of 2
[2022-09-22 08:59:39,743] {taskinstance.py:1240} INFO - 
--------------------------------------------------------------------------------
[2022-09-22 08:59:39,758] {taskinstance.py:1259} INFO - Executing <Task(BashOperator): download_dataset_task> on 2022-09-22 08:50:03.662249+00:00
[2022-09-22 08:59:39,762] {standard_task_runner.py:52} INFO - Started process 69 to run task
[2022-09-22 08:59:39,766] {standard_task_runner.py:76} INFO - Running: ['***', 'tasks', 'run', 'data_ingestion_gcs_dag_customized', 'download_dataset_task', 'manual__2022-09-22T08:50:03.662249+00:00', '--job-id', '21', '--raw', '--subdir', 'DAGS_FOLDER/data_ingestion_gcs_dag_customized.py', '--cfg-path', '/tmp/tmpd_dm4evm', '--error-file', '/tmp/tmpflv_k099']
[2022-09-22 08:59:39,766] {standard_task_runner.py:77} INFO - Job 21: Subtask download_dataset_task
[2022-09-22 08:59:39,817] {logging_mixin.py:109} INFO - Running <TaskInstance: data_ingestion_gcs_dag_customized.download_dataset_task manual__2022-09-22T08:50:03.662249+00:00 [running]> on host 9ab9fcef6297
[2022-09-22 08:59:39,886] {taskinstance.py:1426} INFO - Exporting the following env vars:
AIRFLOW_CTX_DAG_OWNER=***
AIRFLOW_CTX_DAG_ID=data_ingestion_gcs_dag_customized
AIRFLOW_CTX_TASK_ID=download_dataset_task
AIRFLOW_CTX_EXECUTION_DATE=2022-09-22T08:50:03.662249+00:00
AIRFLOW_CTX_DAG_RUN_ID=manual__2022-09-22T08:50:03.662249+00:00
[2022-09-22 08:59:39,887] {subprocess.py:62} INFO - Tmp dir root location: 
 /tmp
[2022-09-22 08:59:39,888] {subprocess.py:74} INFO - Running command: ['bash', '-c', 'curl -sSL https://people.sc.fsu.edu/~jburkardt/data/csv//airtravel.csv > /opt/***//airtravel.csv']
[2022-09-22 08:59:39,896] {subprocess.py:85} INFO - Output:
[2022-09-22 08:59:49,553] {subprocess.py:93} INFO - Command exited with return code 0
[2022-09-22 08:59:49,567] {taskinstance.py:1277} INFO - Marking task as SUCCESS. dag_id=data_ingestion_gcs_dag_customized, task_id=download_dataset_task, execution_date=20220922T085003, start_date=20220922T085939, end_date=20220922T085949
[2022-09-22 08:59:49,589] {local_task_job.py:154} INFO - Task exited with return code 0
[2022-09-22 08:59:49,607] {local_task_job.py:264} INFO - 1 downstream tasks scheduled from follow-on schedule check
