[2022-09-23 14:15:59,236] {taskinstance.py:1032} INFO - Dependencies all met for <TaskInstance: iykra_dag.process_data manual__2022-09-23T14:15:56.592920+00:00 [queued]>
[2022-09-23 14:15:59,241] {taskinstance.py:1032} INFO - Dependencies all met for <TaskInstance: iykra_dag.process_data manual__2022-09-23T14:15:56.592920+00:00 [queued]>
[2022-09-23 14:15:59,242] {taskinstance.py:1238} INFO - 
--------------------------------------------------------------------------------
[2022-09-23 14:15:59,242] {taskinstance.py:1239} INFO - Starting attempt 1 of 1
[2022-09-23 14:15:59,242] {taskinstance.py:1240} INFO - 
--------------------------------------------------------------------------------
[2022-09-23 14:15:59,249] {taskinstance.py:1259} INFO - Executing <Task(PythonOperator): process_data> on 2022-09-23 14:15:56.592920+00:00
[2022-09-23 14:15:59,252] {standard_task_runner.py:52} INFO - Started process 175 to run task
[2022-09-23 14:15:59,253] {standard_task_runner.py:76} INFO - Running: ['***', 'tasks', 'run', 'iykra_dag', 'process_data', 'manual__2022-09-23T14:15:56.592920+00:00', '--job-id', '57', '--raw', '--subdir', 'DAGS_FOLDER/pushpull_iykra.py', '--cfg-path', '/tmp/tmpa06uw14g', '--error-file', '/tmp/tmpxuntk9nl']
[2022-09-23 14:15:59,254] {standard_task_runner.py:77} INFO - Job 57: Subtask process_data
[2022-09-23 14:15:59,286] {logging_mixin.py:109} INFO - Running <TaskInstance: iykra_dag.process_data manual__2022-09-23T14:15:56.592920+00:00 [running]> on host 9ab9fcef6297
[2022-09-23 14:15:59,316] {taskinstance.py:1426} INFO - Exporting the following env vars:
AIRFLOW_CTX_DAG_OWNER=***
AIRFLOW_CTX_DAG_ID=iykra_dag
AIRFLOW_CTX_TASK_ID=process_data
AIRFLOW_CTX_EXECUTION_DATE=2022-09-23T14:15:56.592920+00:00
AIRFLOW_CTX_DAG_RUN_ID=manual__2022-09-23T14:15:56.592920+00:00
[2022-09-23 14:15:59,321] {pushpull_iykra.py:20} INFO - {'usd': 1282.34, 'usd_market_cap': 154409858906.3171, 'usd_24h_vol': 17348503905.359344, 'usd_24h_change': 0.4423683488703677, 'last_updated_at': 1663942484}
[2022-09-23 14:15:59,327] {python.py:175} INFO - Done. Returned value was: None
[2022-09-23 14:15:59,334] {taskinstance.py:1277} INFO - Marking task as SUCCESS. dag_id=iykra_dag, task_id=process_data, execution_date=20220923T141556, start_date=20220923T141559, end_date=20220923T141559
[2022-09-23 14:15:59,346] {local_task_job.py:154} INFO - Task exited with return code 0
[2022-09-23 14:15:59,363] {local_task_job.py:264} INFO - 1 downstream tasks scheduled from follow-on schedule check
