[2022-09-22 07:20:52,649] {taskinstance.py:1032} INFO - Dependencies all met for <TaskInstance: data_ingestion_gcs_dag.download_dataset_task scheduled__2022-09-21T00:00:00+00:00 [queued]>
[2022-09-22 07:20:52,653] {taskinstance.py:1032} INFO - Dependencies all met for <TaskInstance: data_ingestion_gcs_dag.download_dataset_task scheduled__2022-09-21T00:00:00+00:00 [queued]>
[2022-09-22 07:20:52,653] {taskinstance.py:1238} INFO - 
--------------------------------------------------------------------------------
[2022-09-22 07:20:52,654] {taskinstance.py:1239} INFO - Starting attempt 1 of 2
[2022-09-22 07:20:52,654] {taskinstance.py:1240} INFO - 
--------------------------------------------------------------------------------
[2022-09-22 07:20:52,661] {taskinstance.py:1259} INFO - Executing <Task(BashOperator): download_dataset_task> on 2022-09-21 00:00:00+00:00
[2022-09-22 07:20:52,664] {standard_task_runner.py:52} INFO - Started process 211 to run task
[2022-09-22 07:20:52,665] {standard_task_runner.py:76} INFO - Running: ['***', 'tasks', 'run', 'data_ingestion_gcs_dag', 'download_dataset_task', 'scheduled__2022-09-21T00:00:00+00:00', '--job-id', '3', '--raw', '--subdir', 'DAGS_FOLDER/data_ingestion_gcs_dag.py', '--cfg-path', '/tmp/tmp8tu8ej8q', '--error-file', '/tmp/tmpugn9lqcq']
[2022-09-22 07:20:52,666] {standard_task_runner.py:77} INFO - Job 3: Subtask download_dataset_task
[2022-09-22 07:20:52,694] {logging_mixin.py:109} INFO - Running <TaskInstance: data_ingestion_gcs_dag.download_dataset_task scheduled__2022-09-21T00:00:00+00:00 [running]> on host 9ab9fcef6297
[2022-09-22 07:20:52,720] {taskinstance.py:1426} INFO - Exporting the following env vars:
AIRFLOW_CTX_DAG_OWNER=***
AIRFLOW_CTX_DAG_ID=data_ingestion_gcs_dag
AIRFLOW_CTX_TASK_ID=download_dataset_task
AIRFLOW_CTX_EXECUTION_DATE=2022-09-21T00:00:00+00:00
AIRFLOW_CTX_DAG_RUN_ID=scheduled__2022-09-21T00:00:00+00:00
[2022-09-22 07:20:52,721] {subprocess.py:62} INFO - Tmp dir root location: 
 /tmp
[2022-09-22 07:20:52,721] {subprocess.py:74} INFO - Running command: ['bash', '-c', 'curl -sSL https://s3.amazonaws.com/nyc-tlc/trip+data/yellow_tripdata_2021-01.csv > /opt/***//yellow_tripdata_2021-01.csv']
[2022-09-22 07:20:52,727] {subprocess.py:85} INFO - Output:
[2022-09-22 07:21:01,474] {subprocess.py:93} INFO - Command exited with return code 0
[2022-09-22 07:21:01,492] {taskinstance.py:1277} INFO - Marking task as SUCCESS. dag_id=data_ingestion_gcs_dag, task_id=download_dataset_task, execution_date=20220921T000000, start_date=20220922T072052, end_date=20220922T072101
[2022-09-22 07:21:01,527] {local_task_job.py:154} INFO - Task exited with return code 0
[2022-09-22 07:21:01,549] {local_task_job.py:264} INFO - 1 downstream tasks scheduled from follow-on schedule check
