[2022-09-23 06:02:12,881] {taskinstance.py:1032} INFO - Dependencies all met for <TaskInstance: xcom_dag.downloading_data scheduled__2022-09-22T00:00:00+00:00 [queued]>
[2022-09-23 06:02:12,888] {taskinstance.py:1032} INFO - Dependencies all met for <TaskInstance: xcom_dag.downloading_data scheduled__2022-09-22T00:00:00+00:00 [queued]>
[2022-09-23 06:02:12,888] {taskinstance.py:1238} INFO - 
--------------------------------------------------------------------------------
[2022-09-23 06:02:12,888] {taskinstance.py:1239} INFO - Starting attempt 1 of 1
[2022-09-23 06:02:12,888] {taskinstance.py:1240} INFO - 
--------------------------------------------------------------------------------
[2022-09-23 06:02:12,896] {taskinstance.py:1259} INFO - Executing <Task(BashOperator): downloading_data> on 2022-09-22 00:00:00+00:00
[2022-09-23 06:02:12,898] {standard_task_runner.py:52} INFO - Started process 59 to run task
[2022-09-23 06:02:12,900] {standard_task_runner.py:76} INFO - Running: ['***', 'tasks', 'run', 'xcom_dag', 'downloading_data', 'scheduled__2022-09-22T00:00:00+00:00', '--job-id', '41', '--raw', '--subdir', 'DAGS_FOLDER/xcom_tester.py', '--cfg-path', '/tmp/tmpoeidj4rj', '--error-file', '/tmp/tmppwf20vu3']
[2022-09-23 06:02:12,900] {standard_task_runner.py:77} INFO - Job 41: Subtask downloading_data
[2022-09-23 06:02:12,935] {logging_mixin.py:109} INFO - Running <TaskInstance: xcom_dag.downloading_data scheduled__2022-09-22T00:00:00+00:00 [running]> on host 9ab9fcef6297
[2022-09-23 06:02:12,977] {taskinstance.py:1426} INFO - Exporting the following env vars:
AIRFLOW_CTX_DAG_OWNER=***
AIRFLOW_CTX_DAG_ID=xcom_dag
AIRFLOW_CTX_TASK_ID=downloading_data
AIRFLOW_CTX_EXECUTION_DATE=2022-09-22T00:00:00+00:00
AIRFLOW_CTX_DAG_RUN_ID=scheduled__2022-09-22T00:00:00+00:00
[2022-09-23 06:02:12,977] {subprocess.py:62} INFO - Tmp dir root location: 
 /tmp
[2022-09-23 06:02:12,978] {subprocess.py:74} INFO - Running command: ['bash', '-c', 'sleep 3']
[2022-09-23 06:02:12,985] {subprocess.py:85} INFO - Output:
[2022-09-23 06:02:15,989] {subprocess.py:93} INFO - Command exited with return code 0
[2022-09-23 06:02:15,998] {taskinstance.py:1277} INFO - Marking task as SUCCESS. dag_id=xcom_dag, task_id=downloading_data, execution_date=20220922T000000, start_date=20220923T060212, end_date=20220923T060215
[2022-09-23 06:02:16,044] {local_task_job.py:154} INFO - Task exited with return code 0
[2022-09-23 06:02:16,073] {local_task_job.py:264} INFO - 3 downstream tasks scheduled from follow-on schedule check
