[2022-09-23 13:47:47,021] {taskinstance.py:1032} INFO - Dependencies all met for <TaskInstance: xcom_dag.training_model_A manual__2022-09-23T13:47:42.004433+00:00 [queued]>
[2022-09-23 13:47:47,028] {taskinstance.py:1032} INFO - Dependencies all met for <TaskInstance: xcom_dag.training_model_A manual__2022-09-23T13:47:42.004433+00:00 [queued]>
[2022-09-23 13:47:47,028] {taskinstance.py:1238} INFO - 
--------------------------------------------------------------------------------
[2022-09-23 13:47:47,029] {taskinstance.py:1239} INFO - Starting attempt 1 of 1
[2022-09-23 13:47:47,029] {taskinstance.py:1240} INFO - 
--------------------------------------------------------------------------------
[2022-09-23 13:47:47,036] {taskinstance.py:1259} INFO - Executing <Task(PythonOperator): training_model_A> on 2022-09-23 13:47:42.004433+00:00
[2022-09-23 13:47:47,038] {standard_task_runner.py:52} INFO - Started process 21939 to run task
[2022-09-23 13:47:47,040] {standard_task_runner.py:76} INFO - Running: ['***', 'tasks', 'run', 'xcom_dag', 'training_model_A', 'manual__2022-09-23T13:47:42.004433+00:00', '--job-id', '48', '--raw', '--subdir', 'DAGS_FOLDER/xcom_tester.py', '--cfg-path', '/tmp/tmpvt7osreu', '--error-file', '/tmp/tmp2r884f4v']
[2022-09-23 13:47:47,040] {standard_task_runner.py:77} INFO - Job 48: Subtask training_model_A
[2022-09-23 13:47:47,069] {logging_mixin.py:109} INFO - Running <TaskInstance: xcom_dag.training_model_A manual__2022-09-23T13:47:42.004433+00:00 [running]> on host 9ab9fcef6297
[2022-09-23 13:47:47,096] {taskinstance.py:1426} INFO - Exporting the following env vars:
AIRFLOW_CTX_DAG_OWNER=***
AIRFLOW_CTX_DAG_ID=xcom_dag
AIRFLOW_CTX_TASK_ID=training_model_A
AIRFLOW_CTX_EXECUTION_DATE=2022-09-23T13:47:42.004433+00:00
AIRFLOW_CTX_DAG_RUN_ID=manual__2022-09-23T13:47:42.004433+00:00
[2022-09-23 13:47:47,097] {logging_mixin.py:109} INFO - model's accuracy: 7.474676982557555
[2022-09-23 13:47:47,102] {python.py:175} INFO - Done. Returned value was: None
[2022-09-23 13:47:47,108] {taskinstance.py:1277} INFO - Marking task as SUCCESS. dag_id=xcom_dag, task_id=training_model_A, execution_date=20220923T134742, start_date=20220923T134747, end_date=20220923T134747
[2022-09-23 13:47:47,132] {local_task_job.py:154} INFO - Task exited with return code 0
[2022-09-23 13:47:47,151] {local_task_job.py:264} INFO - 1 downstream tasks scheduled from follow-on schedule check
